<?xml version="1.0" encoding="utf-8" standalone="yes"?>
<CoverageSession xmlns:xsd="http://www.w3.org/2001/XMLSchema" xmlns:xsi="http://www.w3.org/2001/XMLSchema-instance">
  <Summary numSequencePoints="556" visitedSequencePoints="543" numBranchPoints="264" visitedBranchPoints="103" sequenceCoverage="97.66" branchCoverage="39.02" maxCyclomaticComplexity="10" minCyclomaticComplexity="1" visitedClasses="70" numClasses="72" visitedMethods="171" numMethods="175" minCrapScore="1" maxCrapScore="30" />
  <Modules>
    <Module hash="BD-40-04-55-B1-56-A7-78-B9-8E-63-59-62-3E-41-73-F5-A9-B9-84">
      <Summary numSequencePoints="217" visitedSequencePoints="206" numBranchPoints="180" visitedBranchPoints="103" sequenceCoverage="94.93" branchCoverage="57.22" maxCyclomaticComplexity="10" minCyclomaticComplexity="1" visitedClasses="47" numClasses="48" visitedMethods="88" numMethods="91" minCrapScore="1" maxCrapScore="30" />
      <ModulePath>C:\Dev\Code\activelogin\ActiveLogin.Identity\test\ActiveLogin.Identity.Swedish.Test\bin\Debug\netcoreapp2.1\__Saved\ActiveLogin.Identity.Swedish.dll</ModulePath>
      <ModuleTime>2018-12-27T15:20:16.8821147Z</ModuleTime>
      <ModuleName>ActiveLogin.Identity.Swedish</ModuleName>
      <Files>
        <File uid="1" fullPath="C:\Dev\Code\activelogin\ActiveLogin.Identity\src\ActiveLogin.Identity.Swedish\ResultBuilder.fs" />
        <File uid="2" fullPath="C:\Dev\Code\activelogin\ActiveLogin.Identity\src\ActiveLogin.Identity.Swedish\SwedishPersonalIdentityNumberCSharp.fs" />
        <File uid="3" fullPath="C:\Dev\Code\activelogin\ActiveLogin.Identity\src\ActiveLogin.Identity.Swedish\SwedishPersonalIdentityNumber.fs" />
        <File uid="4" fullPath="C:\Dev\Code\activelogin\ActiveLogin.Identity\src\ActiveLogin.Identity.Swedish\Parse.fs" />
        <File uid="5" fullPath="C:\Dev\Code\activelogin\ActiveLogin.Identity\src\ActiveLogin.Identity.Swedish\Types.fs" />
      </Files>
      <Classes>
        <Class>
          <Summary numSequencePoints="0" visitedSequencePoints="0" numBranchPoints="0" visitedBranchPoints="0" sequenceCoverage="0" branchCoverage="0" maxCyclomaticComplexity="0" minCyclomaticComplexity="0" visitedClasses="0" numClasses="0" visitedMethods="0" numMethods="0" minCrapScore="0" maxCrapScore="0" />
          <FullName>&lt;Module&gt;</FullName>
          <Methods />
        </Class>
        <Class>
          <Summary numSequencePoints="5" visitedSequencePoints="4" numBranchPoints="5" visitedBranchPoints="0" sequenceCoverage="80" branchCoverage="0" maxCyclomaticComplexity="1" minCyclomaticComplexity="1" visitedClasses="1" numClasses="1" visitedMethods="4" numMethods="5" minCrapScore="1" maxCrapScore="1" />
          <FullName>ActiveLogin.Identity.Swedish.FSharp.ResultBuilder</FullName>
          <Methods>
            <Method visited="true" cyclomaticComplexity="1" nPathComplexity="0" sequenceCoverage="100" branchCoverage="0" isConstructor="true" isStatic="false" isGetter="false" isSetter="false" crapScore="1">
              <Summary numSequencePoints="1" visitedSequencePoints="1" numBranchPoints="1" visitedBranchPoints="0" sequenceCoverage="100" branchCoverage="0" maxCyclomaticComplexity="1" minCyclomaticComplexity="1" visitedClasses="0" numClasses="0" visitedMethods="1" numMethods="1" minCrapScore="1" maxCrapScore="1" />
              <MetadataToken>100663297</MetadataToken>
              <Name>System.Void ActiveLogin.Identity.Swedish.FSharp.ResultBuilder::.ctor()</Name>
              <FileRef uid="1" />
              <SequencePoints>
                <SequencePoint vc="1" uspid="0" ordinal="0" offset="8" sl="3" sc="15" el="3" ec="28" bec="0" bev="0" fileid="1" />
              </SequencePoints>
              <BranchPoints />
              <MethodPoint xsi:type="SequencePoint" vc="1" uspid="0" ordinal="0" offset="8" sl="3" sc="15" el="3" ec="28" bec="0" bev="0" fileid="1" />
            </Method>
            <Method visited="true" cyclomaticComplexity="1" nPathComplexity="0" sequenceCoverage="100" branchCoverage="0" isConstructor="false" isStatic="false" isGetter="false" isSetter="false" crapScore="1">
              <Summary numSequencePoints="1" visitedSequencePoints="1" numBranchPoints="1" visitedBranchPoints="0" sequenceCoverage="100" branchCoverage="0" maxCyclomaticComplexity="1" minCyclomaticComplexity="1" visitedClasses="0" numClasses="0" visitedMethods="1" numMethods="1" minCrapScore="1" maxCrapScore="1" />
              <MetadataToken>100663298</MetadataToken>
              <Name>Microsoft.FSharp.Core.FSharpResult`2&lt;f,g&gt; ActiveLogin.Identity.Swedish.FSharp.ResultBuilder::Return(f)</Name>
              <FileRef uid="1" />
              <SequencePoints>
                <SequencePoint vc="134" uspid="1" ordinal="0" offset="0" sl="4" sc="26" el="4" ec="30" bec="0" bev="0" fileid="1" />
              </SequencePoints>
              <BranchPoints />
              <MethodPoint xsi:type="SequencePoint" vc="134" uspid="1" ordinal="0" offset="0" sl="4" sc="26" el="4" ec="30" bec="0" bev="0" fileid="1" />
            </Method>
            <Method visited="false" cyclomaticComplexity="1" nPathComplexity="0" sequenceCoverage="0" branchCoverage="0" isConstructor="false" isStatic="false" isGetter="false" isSetter="false" crapScore="0">
              <Summary numSequencePoints="1" visitedSequencePoints="0" numBranchPoints="1" visitedBranchPoints="0" sequenceCoverage="0" branchCoverage="0" maxCyclomaticComplexity="1" minCyclomaticComplexity="1" visitedClasses="0" numClasses="0" visitedMethods="0" numMethods="1" minCrapScore="0" maxCrapScore="0" />
              <MetadataToken>100663299</MetadataToken>
              <Name>Microsoft.FSharp.Core.FSharpResult`2&lt;Microsoft.FSharp.Core.Unit,e&gt; ActiveLogin.Identity.Swedish.FSharp.ResultBuilder::Zero()</Name>
              <FileRef uid="1" />
              <SequencePoints>
                <SequencePoint vc="0" uspid="2" ordinal="0" offset="0" sl="5" sc="24" el="5" ec="28" bec="0" bev="0" fileid="1" />
              </SequencePoints>
              <BranchPoints />
              <MethodPoint xsi:type="SequencePoint" vc="0" uspid="2" ordinal="0" offset="0" sl="5" sc="24" el="5" ec="28" bec="0" bev="0" fileid="1" />
            </Method>
            <Method visited="true" cyclomaticComplexity="1" nPathComplexity="0" sequenceCoverage="100" branchCoverage="0" isConstructor="false" isStatic="false" isGetter="false" isSetter="false" crapScore="1">
              <Summary numSequencePoints="1" visitedSequencePoints="1" numBranchPoints="1" visitedBranchPoints="0" sequenceCoverage="100" branchCoverage="0" maxCyclomaticComplexity="1" minCyclomaticComplexity="1" visitedClasses="0" numClasses="0" visitedMethods="1" numMethods="1" minCrapScore="1" maxCrapScore="1" />
              <MetadataToken>100663300</MetadataToken>
              <Name>Microsoft.FSharp.Core.FSharpResult`2&lt;d,c&gt; ActiveLogin.Identity.Swedish.FSharp.ResultBuilder::Bind(Microsoft.FSharp.Core.FSharpResult`2&lt;b,c&gt;,Microsoft.FSharp.Core.FSharpFunc`2&lt;b,Microsoft.FSharp.Core.FSharpResult`2&lt;d,c&gt;&gt;)</Name>
              <FileRef uid="1" />
              <SequencePoints>
                <SequencePoint vc="810" uspid="3" ordinal="0" offset="0" sl="6" sc="34" el="6" ec="55" bec="0" bev="0" fileid="1" />
              </SequencePoints>
              <BranchPoints />
              <MethodPoint xsi:type="SequencePoint" vc="810" uspid="3" ordinal="0" offset="0" sl="6" sc="34" el="6" ec="55" bec="0" bev="0" fileid="1" />
            </Method>
            <Method visited="true" cyclomaticComplexity="1" nPathComplexity="0" sequenceCoverage="100" branchCoverage="0" isConstructor="false" isStatic="false" isGetter="false" isSetter="false" crapScore="1">
              <Summary numSequencePoints="1" visitedSequencePoints="1" numBranchPoints="1" visitedBranchPoints="0" sequenceCoverage="100" branchCoverage="0" maxCyclomaticComplexity="1" minCyclomaticComplexity="1" visitedClasses="0" numClasses="0" visitedMethods="1" numMethods="1" minCrapScore="1" maxCrapScore="1" />
              <MetadataToken>100663301</MetadataToken>
              <Name>a ActiveLogin.Identity.Swedish.FSharp.ResultBuilder::ReturnFrom(a)</Name>
              <FileRef uid="1" />
              <SequencePoints>
                <SequencePoint vc="97" uspid="4" ordinal="0" offset="0" sl="7" sc="31" el="7" ec="32" bec="0" bev="0" fileid="1" />
              </SequencePoints>
              <BranchPoints />
              <MethodPoint xsi:type="SequencePoint" vc="97" uspid="4" ordinal="0" offset="0" sl="7" sc="31" el="7" ec="32" bec="0" bev="0" fileid="1" />
            </Method>
          </Methods>
        </Class>
        <Class>
          <Summary numSequencePoints="0" visitedSequencePoints="0" numBranchPoints="0" visitedBranchPoints="0" sequenceCoverage="0" branchCoverage="0" maxCyclomaticComplexity="0" minCyclomaticComplexity="0" visitedClasses="0" numClasses="0" visitedMethods="0" numMethods="0" minCrapScore="0" maxCrapScore="0" />
          <FullName>ActiveLogin.Identity.Swedish.Gender</FullName>
          <Methods />
        </Class>
        <Class>
          <Summary numSequencePoints="35" visitedSequencePoints="35" numBranchPoints="27" visitedBranchPoints="12" sequenceCoverage="100" branchCoverage="44.44" maxCyclomaticComplexity="2" minCyclomaticComplexity="1" visitedClasses="1" numClasses="1" visitedMethods="19" numMethods="19" minCrapScore="1" maxCrapScore="2" />
          <FullName>ActiveLogin.Identity.Swedish.SwedishPersonalIdentityNumber</FullName>
          <Methods>
            <Method visited="true" cyclomaticComplexity="1" nPathComplexity="0" sequenceCoverage="100" branchCoverage="0" isConstructor="true" isStatic="false" isGetter="false" isSetter="false" crapScore="1">
              <Summary numSequencePoints="2" visitedSequencePoints="2" numBranchPoints="1" visitedBranchPoints="0" sequenceCoverage="100" branchCoverage="0" maxCyclomaticComplexity="1" minCyclomaticComplexity="1" visitedClasses="0" numClasses="0" visitedMethods="1" numMethods="1" minCrapScore="1" maxCrapScore="1" />
              <MetadataToken>100663302</MetadataToken>
              <Name>System.Void ActiveLogin.Identity.Swedish.SwedishPersonalIdentityNumber::.ctor(ActiveLogin.Identity.Swedish.FSharp.Types/SwedishPersonalIdentityNumber)</Name>
              <FileRef uid="2" />
              <SequencePoints>
                <SequencePoint vc="134" uspid="6" ordinal="0" offset="8" sl="14" sc="5" el="14" ec="29" bec="0" bev="0" fileid="2" />
                <SequencePoint vc="134" uspid="5" ordinal="1" offset="15" sl="13" sc="6" el="13" ec="35" bec="0" bev="0" fileid="2" />
              </SequencePoints>
              <BranchPoints />
              <MethodPoint xsi:type="SequencePoint" vc="134" uspid="6" ordinal="0" offset="8" sl="14" sc="5" el="14" ec="29" bec="0" bev="0" fileid="2" />
            </Method>
            <Method visited="true" cyclomaticComplexity="1" nPathComplexity="0" sequenceCoverage="100" branchCoverage="0" isConstructor="false" isStatic="false" isGetter="true" isSetter="false" crapScore="1">
              <Summary numSequencePoints="1" visitedSequencePoints="1" numBranchPoints="1" visitedBranchPoints="0" sequenceCoverage="100" branchCoverage="0" maxCyclomaticComplexity="1" minCyclomaticComplexity="1" visitedClasses="0" numClasses="0" visitedMethods="1" numMethods="1" minCrapScore="1" maxCrapScore="1" />
              <MetadataToken>100663303</MetadataToken>
              <Name>ActiveLogin.Identity.Swedish.FSharp.Types/SwedishPersonalIdentityNumber ActiveLogin.Identity.Swedish.SwedishPersonalIdentityNumber::get_IdentityNumber()</Name>
              <FileRef uid="2" />
              <SequencePoints>
                <SequencePoint vc="30" uspid="7" ordinal="0" offset="0" sl="15" sc="41" el="15" ec="55" bec="0" bev="0" fileid="2" />
              </SequencePoints>
              <BranchPoints />
              <MethodPoint xsi:type="SequencePoint" vc="30" uspid="7" ordinal="0" offset="0" sl="15" sc="41" el="15" ec="55" bec="0" bev="0" fileid="2" />
            </Method>
            <Method visited="true" cyclomaticComplexity="1" nPathComplexity="0" sequenceCoverage="100" branchCoverage="0" isConstructor="false" isStatic="false" isGetter="true" isSetter="false" crapScore="1">
              <Summary numSequencePoints="1" visitedSequencePoints="1" numBranchPoints="1" visitedBranchPoints="0" sequenceCoverage="100" branchCoverage="0" maxCyclomaticComplexity="1" minCyclomaticComplexity="1" visitedClasses="0" numClasses="0" visitedMethods="1" numMethods="1" minCrapScore="1" maxCrapScore="1" />
              <MetadataToken>100663304</MetadataToken>
              <Name>System.Int32 ActiveLogin.Identity.Swedish.SwedishPersonalIdentityNumber::get_Year()</Name>
              <FileRef uid="2" />
              <SequencePoints>
                <SequencePoint vc="22" uspid="8" ordinal="0" offset="0" sl="20" sc="22" el="20" ec="55" bec="0" bev="0" fileid="2" />
              </SequencePoints>
              <BranchPoints />
              <MethodPoint xsi:type="SequencePoint" vc="22" uspid="8" ordinal="0" offset="0" sl="20" sc="22" el="20" ec="55" bec="0" bev="0" fileid="2" />
            </Method>
            <Method visited="true" cyclomaticComplexity="1" nPathComplexity="0" sequenceCoverage="100" branchCoverage="0" isConstructor="false" isStatic="false" isGetter="true" isSetter="false" crapScore="1">
              <Summary numSequencePoints="1" visitedSequencePoints="1" numBranchPoints="1" visitedBranchPoints="0" sequenceCoverage="100" branchCoverage="0" maxCyclomaticComplexity="1" minCyclomaticComplexity="1" visitedClasses="0" numClasses="0" visitedMethods="1" numMethods="1" minCrapScore="1" maxCrapScore="1" />
              <MetadataToken>100663305</MetadataToken>
              <Name>System.Int32 ActiveLogin.Identity.Swedish.SwedishPersonalIdentityNumber::get_Month()</Name>
              <FileRef uid="2" />
              <SequencePoints>
                <SequencePoint vc="12" uspid="9" ordinal="0" offset="0" sl="25" sc="23" el="25" ec="58" bec="0" bev="0" fileid="2" />
              </SequencePoints>
              <BranchPoints />
              <MethodPoint xsi:type="SequencePoint" vc="12" uspid="9" ordinal="0" offset="0" sl="25" sc="23" el="25" ec="58" bec="0" bev="0" fileid="2" />
            </Method>
            <Method visited="true" cyclomaticComplexity="1" nPathComplexity="0" sequenceCoverage="100" branchCoverage="0" isConstructor="false" isStatic="false" isGetter="true" isSetter="false" crapScore="1">
              <Summary numSequencePoints="1" visitedSequencePoints="1" numBranchPoints="1" visitedBranchPoints="0" sequenceCoverage="100" branchCoverage="0" maxCyclomaticComplexity="1" minCyclomaticComplexity="1" visitedClasses="0" numClasses="0" visitedMethods="1" numMethods="1" minCrapScore="1" maxCrapScore="1" />
              <MetadataToken>100663306</MetadataToken>
              <Name>System.Int32 ActiveLogin.Identity.Swedish.SwedishPersonalIdentityNumber::get_Day()</Name>
              <FileRef uid="2" />
              <SequencePoints>
                <SequencePoint vc="12" uspid="10" ordinal="0" offset="0" sl="30" sc="21" el="30" ec="52" bec="0" bev="0" fileid="2" />
              </SequencePoints>
              <BranchPoints />
              <MethodPoint xsi:type="SequencePoint" vc="12" uspid="10" ordinal="0" offset="0" sl="30" sc="21" el="30" ec="52" bec="0" bev="0" fileid="2" />
            </Method>
            <Method visited="true" cyclomaticComplexity="1" nPathComplexity="0" sequenceCoverage="100" branchCoverage="0" isConstructor="false" isStatic="false" isGetter="true" isSetter="false" crapScore="1">
              <Summary numSequencePoints="1" visitedSequencePoints="1" numBranchPoints="1" visitedBranchPoints="0" sequenceCoverage="100" branchCoverage="0" maxCyclomaticComplexity="1" minCyclomaticComplexity="1" visitedClasses="0" numClasses="0" visitedMethods="1" numMethods="1" minCrapScore="1" maxCrapScore="1" />
              <MetadataToken>100663307</MetadataToken>
              <Name>System.Int32 ActiveLogin.Identity.Swedish.SwedishPersonalIdentityNumber::get_BirthNumber()</Name>
              <FileRef uid="2" />
              <SequencePoints>
                <SequencePoint vc="12" uspid="11" ordinal="0" offset="0" sl="35" sc="29" el="35" ec="76" bec="0" bev="0" fileid="2" />
              </SequencePoints>
              <BranchPoints />
              <MethodPoint xsi:type="SequencePoint" vc="12" uspid="11" ordinal="0" offset="0" sl="35" sc="29" el="35" ec="76" bec="0" bev="0" fileid="2" />
            </Method>
            <Method visited="true" cyclomaticComplexity="1" nPathComplexity="0" sequenceCoverage="100" branchCoverage="0" isConstructor="false" isStatic="false" isGetter="true" isSetter="false" crapScore="1">
              <Summary numSequencePoints="1" visitedSequencePoints="1" numBranchPoints="1" visitedBranchPoints="0" sequenceCoverage="100" branchCoverage="0" maxCyclomaticComplexity="1" minCyclomaticComplexity="1" visitedClasses="0" numClasses="0" visitedMethods="1" numMethods="1" minCrapScore="1" maxCrapScore="1" />
              <MetadataToken>100663308</MetadataToken>
              <Name>System.Int32 ActiveLogin.Identity.Swedish.SwedishPersonalIdentityNumber::get_Checksum()</Name>
              <FileRef uid="2" />
              <SequencePoints>
                <SequencePoint vc="12" uspid="12" ordinal="0" offset="0" sl="40" sc="26" el="40" ec="67" bec="0" bev="0" fileid="2" />
              </SequencePoints>
              <BranchPoints />
              <MethodPoint xsi:type="SequencePoint" vc="12" uspid="12" ordinal="0" offset="0" sl="40" sc="26" el="40" ec="67" bec="0" bev="0" fileid="2" />
            </Method>
            <Method visited="true" cyclomaticComplexity="1" nPathComplexity="0" sequenceCoverage="100" branchCoverage="0" isConstructor="false" isStatic="true" isGetter="false" isSetter="false" crapScore="1">
              <Summary numSequencePoints="1" visitedSequencePoints="1" numBranchPoints="1" visitedBranchPoints="0" sequenceCoverage="100" branchCoverage="0" maxCyclomaticComplexity="1" minCyclomaticComplexity="1" visitedClasses="0" numClasses="0" visitedMethods="1" numMethods="1" minCrapScore="1" maxCrapScore="1" />
              <MetadataToken>100663309</MetadataToken>
              <Name>ActiveLogin.Identity.Swedish.SwedishPersonalIdentityNumber ActiveLogin.Identity.Swedish.SwedishPersonalIdentityNumber::Create(System.Int32,System.Int32,System.Int32,System.Int32,System.Int32)</Name>
              <FileRef uid="2" />
              <SequencePoints>
                <SequencePoint vc="61" uspid="13" ordinal="0" offset="0" sl="53" sc="9" el="59" ec="41" bec="0" bev="0" fileid="2" />
              </SequencePoints>
              <BranchPoints />
              <MethodPoint xsi:type="SequencePoint" vc="61" uspid="13" ordinal="0" offset="0" sl="53" sc="9" el="59" ec="41" bec="0" bev="0" fileid="2" />
            </Method>
            <Method visited="true" cyclomaticComplexity="1" nPathComplexity="0" sequenceCoverage="100" branchCoverage="0" isConstructor="false" isStatic="true" isGetter="false" isSetter="false" crapScore="1">
              <Summary numSequencePoints="1" visitedSequencePoints="1" numBranchPoints="1" visitedBranchPoints="0" sequenceCoverage="100" branchCoverage="0" maxCyclomaticComplexity="1" minCyclomaticComplexity="1" visitedClasses="0" numClasses="0" visitedMethods="1" numMethods="1" minCrapScore="1" maxCrapScore="1" />
              <MetadataToken>100663310</MetadataToken>
              <Name>ActiveLogin.Identity.Swedish.SwedishPersonalIdentityNumber ActiveLogin.Identity.Swedish.SwedishPersonalIdentityNumber::ParseInSpecificYear(System.String,System.Int32)</Name>
              <FileRef uid="2" />
              <SequencePoints>
                <SequencePoint vc="37" uspid="14" ordinal="0" offset="0" sl="72" sc="9" el="75" ec="41" bec="0" bev="0" fileid="2" />
              </SequencePoints>
              <BranchPoints />
              <MethodPoint xsi:type="SequencePoint" vc="37" uspid="14" ordinal="0" offset="0" sl="72" sc="9" el="75" ec="41" bec="0" bev="0" fileid="2" />
            </Method>
            <Method visited="true" cyclomaticComplexity="1" nPathComplexity="0" sequenceCoverage="100" branchCoverage="0" isConstructor="false" isStatic="true" isGetter="false" isSetter="false" crapScore="1">
              <Summary numSequencePoints="1" visitedSequencePoints="1" numBranchPoints="1" visitedBranchPoints="0" sequenceCoverage="100" branchCoverage="0" maxCyclomaticComplexity="1" minCyclomaticComplexity="1" visitedClasses="0" numClasses="0" visitedMethods="1" numMethods="1" minCrapScore="1" maxCrapScore="1" />
              <MetadataToken>100663311</MetadataToken>
              <Name>ActiveLogin.Identity.Swedish.SwedishPersonalIdentityNumber ActiveLogin.Identity.Swedish.SwedishPersonalIdentityNumber::Parse(System.String)</Name>
              <FileRef uid="2" />
              <SequencePoints>
                <SequencePoint vc="56" uspid="15" ordinal="0" offset="0" sl="81" sc="9" el="83" ec="41" bec="0" bev="0" fileid="2" />
              </SequencePoints>
              <BranchPoints />
              <MethodPoint xsi:type="SequencePoint" vc="56" uspid="15" ordinal="0" offset="0" sl="81" sc="9" el="83" ec="41" bec="0" bev="0" fileid="2" />
            </Method>
            <Method visited="true" cyclomaticComplexity="2" nPathComplexity="2" sequenceCoverage="100" branchCoverage="100" isConstructor="false" isStatic="true" isGetter="false" isSetter="false" crapScore="2">
              <Summary numSequencePoints="6" visitedSequencePoints="6" numBranchPoints="3" visitedBranchPoints="3" sequenceCoverage="100" branchCoverage="100" maxCyclomaticComplexity="2" minCyclomaticComplexity="2" visitedClasses="0" numClasses="0" visitedMethods="1" numMethods="1" minCrapScore="2" maxCrapScore="2" />
              <MetadataToken>100663312</MetadataToken>
              <Name>System.Boolean ActiveLogin.Identity.Swedish.SwedishPersonalIdentityNumber::TryParseInSpecificYear(System.String,System.Int32,ActiveLogin.Identity.Swedish.SwedishPersonalIdentityNumber&amp;)</Name>
              <FileRef uid="2" />
              <SequencePoints>
                <SequencePoint vc="2" uspid="21" ordinal="0" offset="0" sl="100" sc="9" el="100" ec="23" bec="0" bev="0" fileid="2" />
                <SequencePoint vc="2" uspid="20" ordinal="1" offset="26" sl="100" sc="9" el="100" ec="23" bec="2" bev="2" fileid="2" />
                <SequencePoint vc="1" uspid="19" ordinal="2" offset="40" sl="101" sc="22" el="101" ec="27" bec="0" bev="0" fileid="2" />
                <SequencePoint vc="1" uspid="18" ordinal="3" offset="42" sl="100" sc="9" el="100" ec="23" bec="0" bev="0" fileid="2" />
                <SequencePoint vc="1" uspid="17" ordinal="4" offset="50" sl="103" sc="13" el="103" ec="66" bec="0" bev="0" fileid="2" />
                <SequencePoint vc="1" uspid="16" ordinal="5" offset="70" sl="104" sc="13" el="104" ec="17" bec="0" bev="0" fileid="2" />
              </SequencePoints>
              <BranchPoints>
                <BranchPoint vc="1" uspid="0" ordinal="0" offset="36" sl="100" path="0" offsetchain="38" offsetend="42" fileid="2" />
                <BranchPoint vc="1" uspid="1" ordinal="1" offset="36" sl="100" path="1" offsetend="40" fileid="2" />
              </BranchPoints>
              <MethodPoint xsi:type="SequencePoint" vc="2" uspid="21" ordinal="0" offset="0" sl="100" sc="9" el="100" ec="23" bec="0" bev="0" fileid="2" />
            </Method>
            <Method visited="true" cyclomaticComplexity="2" nPathComplexity="2" sequenceCoverage="100" branchCoverage="100" isConstructor="false" isStatic="true" isGetter="false" isSetter="false" crapScore="2">
              <Summary numSequencePoints="6" visitedSequencePoints="6" numBranchPoints="3" visitedBranchPoints="3" sequenceCoverage="100" branchCoverage="100" maxCyclomaticComplexity="2" minCyclomaticComplexity="2" visitedClasses="0" numClasses="0" visitedMethods="1" numMethods="1" minCrapScore="2" maxCrapScore="2" />
              <MetadataToken>100663313</MetadataToken>
              <Name>System.Boolean ActiveLogin.Identity.Swedish.SwedishPersonalIdentityNumber::TryParse(System.String,ActiveLogin.Identity.Swedish.SwedishPersonalIdentityNumber&amp;)</Name>
              <FileRef uid="2" />
              <SequencePoints>
                <SequencePoint vc="3" uspid="27" ordinal="0" offset="0" sl="112" sc="9" el="112" ec="47" bec="0" bev="0" fileid="2" />
                <SequencePoint vc="3" uspid="26" ordinal="1" offset="7" sl="113" sc="9" el="113" ec="23" bec="2" bev="2" fileid="2" />
                <SequencePoint vc="2" uspid="25" ordinal="2" offset="21" sl="114" sc="22" el="114" ec="27" bec="0" bev="0" fileid="2" />
                <SequencePoint vc="1" uspid="24" ordinal="3" offset="23" sl="113" sc="9" el="113" ec="23" bec="0" bev="0" fileid="2" />
                <SequencePoint vc="1" uspid="23" ordinal="4" offset="31" sl="116" sc="13" el="116" ec="66" bec="0" bev="0" fileid="2" />
                <SequencePoint vc="1" uspid="22" ordinal="5" offset="49" sl="117" sc="13" el="117" ec="17" bec="0" bev="0" fileid="2" />
              </SequencePoints>
              <BranchPoints>
                <BranchPoint vc="1" uspid="2" ordinal="0" offset="17" sl="113" path="0" offsetchain="19" offsetend="23" fileid="2" />
                <BranchPoint vc="2" uspid="3" ordinal="1" offset="17" sl="113" path="1" offsetend="21" fileid="2" />
              </BranchPoints>
              <MethodPoint xsi:type="SequencePoint" vc="3" uspid="27" ordinal="0" offset="0" sl="112" sc="9" el="112" ec="47" bec="0" bev="0" fileid="2" />
            </Method>
            <Method visited="true" cyclomaticComplexity="2" nPathComplexity="2" sequenceCoverage="100" branchCoverage="100" isConstructor="false" isStatic="false" isGetter="false" isSetter="false" crapScore="2">
              <Summary numSequencePoints="4" visitedSequencePoints="4" numBranchPoints="3" visitedBranchPoints="3" sequenceCoverage="100" branchCoverage="100" maxCyclomaticComplexity="2" minCyclomaticComplexity="2" visitedClasses="0" numClasses="0" visitedMethods="1" numMethods="1" minCrapScore="2" maxCrapScore="2" />
              <MetadataToken>100663314</MetadataToken>
              <Name>System.String ActiveLogin.Identity.Swedish.SwedishPersonalIdentityNumber::To10DigitStringInSpecificYear(System.Int32)</Name>
              <FileRef uid="2" />
              <SequencePoints>
                <SequencePoint vc="17" uspid="31" ordinal="0" offset="0" sl="130" sc="9" el="130" ec="52" bec="2" bev="2" fileid="2" />
                <SequencePoint vc="1" uspid="30" ordinal="1" offset="19" sl="131" sc="22" el="131" ec="104" bec="0" bev="0" fileid="2" />
                <SequencePoint vc="16" uspid="29" ordinal="2" offset="41" sl="130" sc="9" el="130" ec="52" bec="0" bev="0" fileid="2" />
                <SequencePoint vc="16" uspid="28" ordinal="3" offset="49" sl="132" sc="22" el="132" ec="71" bec="0" bev="0" fileid="2" />
              </SequencePoints>
              <BranchPoints>
                <BranchPoint vc="16" uspid="4" ordinal="0" offset="15" sl="130" path="0" offsetchain="17" offsetend="41" fileid="2" />
                <BranchPoint vc="1" uspid="5" ordinal="1" offset="15" sl="130" path="1" offsetend="19" fileid="2" />
              </BranchPoints>
              <MethodPoint xsi:type="SequencePoint" vc="17" uspid="31" ordinal="0" offset="0" sl="130" sc="9" el="130" ec="52" bec="2" bev="0" fileid="2" />
            </Method>
            <Method visited="true" cyclomaticComplexity="1" nPathComplexity="0" sequenceCoverage="100" branchCoverage="0" isConstructor="false" isStatic="false" isGetter="false" isSetter="false" crapScore="1">
              <Summary numSequencePoints="1" visitedSequencePoints="1" numBranchPoints="1" visitedBranchPoints="0" sequenceCoverage="100" branchCoverage="0" maxCyclomaticComplexity="1" minCyclomaticComplexity="1" visitedClasses="0" numClasses="0" visitedMethods="1" numMethods="1" minCrapScore="1" maxCrapScore="1" />
              <MetadataToken>100663315</MetadataToken>
              <Name>System.String ActiveLogin.Identity.Swedish.SwedishPersonalIdentityNumber::To10DigitString()</Name>
              <FileRef uid="2" />
              <SequencePoints>
                <SequencePoint vc="2" uspid="32" ordinal="0" offset="0" sl="138" sc="35" el="138" ec="65" bec="0" bev="0" fileid="2" />
              </SequencePoints>
              <BranchPoints />
              <MethodPoint xsi:type="SequencePoint" vc="2" uspid="32" ordinal="0" offset="0" sl="138" sc="35" el="138" ec="65" bec="0" bev="0" fileid="2" />
            </Method>
            <Method visited="true" cyclomaticComplexity="1" nPathComplexity="0" sequenceCoverage="100" branchCoverage="0" isConstructor="false" isStatic="false" isGetter="false" isSetter="false" crapScore="1">
              <Summary numSequencePoints="1" visitedSequencePoints="1" numBranchPoints="1" visitedBranchPoints="0" sequenceCoverage="100" branchCoverage="0" maxCyclomaticComplexity="1" minCyclomaticComplexity="1" visitedClasses="0" numClasses="0" visitedMethods="1" numMethods="1" minCrapScore="1" maxCrapScore="1" />
              <MetadataToken>100663316</MetadataToken>
              <Name>System.String ActiveLogin.Identity.Swedish.SwedishPersonalIdentityNumber::To12DigitString()</Name>
              <FileRef uid="2" />
              <SequencePoints>
                <SequencePoint vc="20" uspid="33" ordinal="0" offset="0" sl="144" sc="35" el="144" ec="65" bec="0" bev="0" fileid="2" />
              </SequencePoints>
              <BranchPoints />
              <MethodPoint xsi:type="SequencePoint" vc="20" uspid="33" ordinal="0" offset="0" sl="144" sc="35" el="144" ec="65" bec="0" bev="0" fileid="2" />
            </Method>
            <Method visited="true" cyclomaticComplexity="1" nPathComplexity="0" sequenceCoverage="100" branchCoverage="0" isConstructor="false" isStatic="false" isGetter="false" isSetter="false" crapScore="1">
              <Summary numSequencePoints="1" visitedSequencePoints="1" numBranchPoints="1" visitedBranchPoints="0" sequenceCoverage="100" branchCoverage="0" maxCyclomaticComplexity="1" minCyclomaticComplexity="1" visitedClasses="0" numClasses="0" visitedMethods="1" numMethods="1" minCrapScore="1" maxCrapScore="1" />
              <MetadataToken>100663317</MetadataToken>
              <Name>System.String ActiveLogin.Identity.Swedish.SwedishPersonalIdentityNumber::ToString()</Name>
              <FileRef uid="2" />
              <SequencePoints>
                <SequencePoint vc="1" uspid="34" ordinal="0" offset="0" sl="150" sc="30" el="150" ec="50" bec="0" bev="0" fileid="2" />
              </SequencePoints>
              <BranchPoints />
              <MethodPoint xsi:type="SequencePoint" vc="1" uspid="34" ordinal="0" offset="0" sl="150" sc="30" el="150" ec="50" bec="0" bev="0" fileid="2" />
            </Method>
            <Method visited="true" cyclomaticComplexity="2" nPathComplexity="2" sequenceCoverage="100" branchCoverage="100" isConstructor="false" isStatic="false" isGetter="false" isSetter="false" crapScore="2">
              <Summary numSequencePoints="3" visitedSequencePoints="3" numBranchPoints="3" visitedBranchPoints="3" sequenceCoverage="100" branchCoverage="100" maxCyclomaticComplexity="2" minCyclomaticComplexity="2" visitedClasses="0" numClasses="0" visitedMethods="1" numMethods="1" minCrapScore="2" maxCrapScore="2" />
              <MetadataToken>100663318</MetadataToken>
              <Name>System.Boolean ActiveLogin.Identity.Swedish.SwedishPersonalIdentityNumber::Equals(System.Object)</Name>
              <FileRef uid="2" />
              <SequencePoints>
                <SequencePoint vc="12" uspid="37" ordinal="0" offset="0" sl="156" sc="9" el="156" ec="21" bec="2" bev="2" fileid="2" />
                <SequencePoint vc="10" uspid="36" ordinal="1" offset="18" sl="157" sc="54" el="157" ec="89" bec="0" bev="0" fileid="2" />
                <SequencePoint vc="2" uspid="35" ordinal="2" offset="47" sl="158" sc="16" el="158" ec="21" bec="0" bev="0" fileid="2" />
              </SequencePoints>
              <BranchPoints>
                <BranchPoint vc="10" uspid="6" ordinal="0" offset="10" sl="156" path="0" offsetchain="12" offsetend="16" fileid="2" />
                <BranchPoint vc="2" uspid="7" ordinal="1" offset="10" sl="156" path="1" offsetchain="14" offsetend="47" fileid="2" />
              </BranchPoints>
              <MethodPoint xsi:type="SequencePoint" vc="12" uspid="37" ordinal="0" offset="0" sl="156" sc="9" el="156" ec="21" bec="2" bev="0" fileid="2" />
            </Method>
            <Method visited="true" cyclomaticComplexity="1" nPathComplexity="0" sequenceCoverage="100" branchCoverage="0" isConstructor="false" isStatic="false" isGetter="false" isSetter="false" crapScore="1">
              <Summary numSequencePoints="1" visitedSequencePoints="1" numBranchPoints="1" visitedBranchPoints="0" sequenceCoverage="100" branchCoverage="0" maxCyclomaticComplexity="1" minCyclomaticComplexity="1" visitedClasses="0" numClasses="0" visitedMethods="1" numMethods="1" minCrapScore="1" maxCrapScore="1" />
              <MetadataToken>100663319</MetadataToken>
              <Name>System.Int32 ActiveLogin.Identity.Swedish.SwedishPersonalIdentityNumber::GetHashCode()</Name>
              <FileRef uid="2" />
              <SequencePoints>
                <SequencePoint vc="2" uspid="38" ordinal="0" offset="0" sl="162" sc="33" el="162" ec="52" bec="0" bev="0" fileid="2" />
              </SequencePoints>
              <BranchPoints />
              <MethodPoint xsi:type="SequencePoint" vc="2" uspid="38" ordinal="0" offset="0" sl="162" sc="33" el="162" ec="52" bec="0" bev="0" fileid="2" />
            </Method>
            <Method visited="true" cyclomaticComplexity="1" nPathComplexity="0" sequenceCoverage="100" branchCoverage="0" isConstructor="false" isStatic="true" isGetter="false" isSetter="false" crapScore="1">
              <Summary numSequencePoints="1" visitedSequencePoints="1" numBranchPoints="1" visitedBranchPoints="0" sequenceCoverage="100" branchCoverage="0" maxCyclomaticComplexity="1" minCyclomaticComplexity="1" visitedClasses="0" numClasses="0" visitedMethods="1" numMethods="1" minCrapScore="1" maxCrapScore="1" />
              <MetadataToken>100663320</MetadataToken>
              <Name>System.Boolean ActiveLogin.Identity.Swedish.SwedishPersonalIdentityNumber::op_Equality(ActiveLogin.Identity.Swedish.SwedishPersonalIdentityNumber,ActiveLogin.Identity.Swedish.SwedishPersonalIdentityNumber)</Name>
              <FileRef uid="2" />
              <SequencePoints>
                <SequencePoint vc="1" uspid="39" ordinal="0" offset="0" sl="165" sc="9" el="165" ec="51" bec="0" bev="0" fileid="2" />
              </SequencePoints>
              <BranchPoints />
              <MethodPoint xsi:type="SequencePoint" vc="1" uspid="39" ordinal="0" offset="0" sl="165" sc="9" el="165" ec="51" bec="0" bev="0" fileid="2" />
            </Method>
          </Methods>
        </Class>
        <Class>
          <Summary numSequencePoints="11" visitedSequencePoints="9" numBranchPoints="9" visitedBranchPoints="5" sequenceCoverage="81.82" branchCoverage="55.56" maxCyclomaticComplexity="2" minCyclomaticComplexity="1" visitedClasses="1" numClasses="1" visitedMethods="4" numMethods="5" minCrapScore="1" maxCrapScore="2.06" />
          <FullName>ActiveLogin.Identity.Swedish.SwedishPersonalIdentityNumberHintExtensions</FullName>
          <Methods>
            <Method visited="false" cyclomaticComplexity="1" nPathComplexity="0" sequenceCoverage="0" branchCoverage="0" isConstructor="true" isStatic="false" isGetter="false" isSetter="false" crapScore="0">
              <Summary numSequencePoints="1" visitedSequencePoints="0" numBranchPoints="1" visitedBranchPoints="0" sequenceCoverage="0" branchCoverage="0" maxCyclomaticComplexity="1" minCyclomaticComplexity="1" visitedClasses="0" numClasses="0" visitedMethods="0" numMethods="1" minCrapScore="0" maxCrapScore="0" />
              <MetadataToken>100663321</MetadataToken>
              <Name>System.Void ActiveLogin.Identity.Swedish.SwedishPersonalIdentityNumberHintExtensions::.ctor()</Name>
              <FileRef uid="2" />
              <SequencePoints>
                <SequencePoint vc="0" uspid="40" ordinal="0" offset="8" sl="170" sc="6" el="170" ec="49" bec="0" bev="0" fileid="2" />
              </SequencePoints>
              <BranchPoints />
              <MethodPoint xsi:type="SequencePoint" vc="0" uspid="40" ordinal="0" offset="8" sl="170" sc="6" el="170" ec="49" bec="0" bev="0" fileid="2" />
            </Method>
            <Method visited="true" cyclomaticComplexity="1" nPathComplexity="0" sequenceCoverage="100" branchCoverage="0" isConstructor="false" isStatic="true" isGetter="false" isSetter="false" crapScore="1">
              <Summary numSequencePoints="1" visitedSequencePoints="1" numBranchPoints="1" visitedBranchPoints="0" sequenceCoverage="100" branchCoverage="0" maxCyclomaticComplexity="1" minCyclomaticComplexity="1" visitedClasses="0" numClasses="0" visitedMethods="1" numMethods="1" minCrapScore="1" maxCrapScore="1" />
              <MetadataToken>100663322</MetadataToken>
              <Name>System.DateTime ActiveLogin.Identity.Swedish.SwedishPersonalIdentityNumberHintExtensions::GetDateOfBirthHint(ActiveLogin.Identity.Swedish.SwedishPersonalIdentityNumber)</Name>
              <FileRef uid="2" />
              <SequencePoints>
                <SequencePoint vc="6" uspid="41" ordinal="0" offset="0" sl="177" sc="77" el="177" ec="120" bec="0" bev="0" fileid="2" />
              </SequencePoints>
              <BranchPoints />
              <MethodPoint xsi:type="SequencePoint" vc="6" uspid="41" ordinal="0" offset="0" sl="177" sc="77" el="177" ec="120" bec="0" bev="0" fileid="2" />
            </Method>
            <Method visited="true" cyclomaticComplexity="1" nPathComplexity="0" sequenceCoverage="100" branchCoverage="0" isConstructor="false" isStatic="true" isGetter="false" isSetter="false" crapScore="1">
              <Summary numSequencePoints="1" visitedSequencePoints="1" numBranchPoints="1" visitedBranchPoints="0" sequenceCoverage="100" branchCoverage="0" maxCyclomaticComplexity="1" minCyclomaticComplexity="1" visitedClasses="0" numClasses="0" visitedMethods="1" numMethods="1" minCrapScore="1" maxCrapScore="1" />
              <MetadataToken>100663323</MetadataToken>
              <Name>ActiveLogin.Identity.Swedish.Gender ActiveLogin.Identity.Swedish.SwedishPersonalIdentityNumberHintExtensions::GetGenderHint(ActiveLogin.Identity.Swedish.SwedishPersonalIdentityNumber)</Name>
              <FileRef uid="2" />
              <SequencePoints>
                <SequencePoint vc="4" uspid="42" ordinal="0" offset="0" sl="185" sc="72" el="185" ec="110" bec="0" bev="0" fileid="2" />
              </SequencePoints>
              <BranchPoints />
              <MethodPoint xsi:type="SequencePoint" vc="4" uspid="42" ordinal="0" offset="0" sl="185" sc="72" el="185" ec="110" bec="0" bev="0" fileid="2" />
            </Method>
            <Method visited="true" cyclomaticComplexity="2" nPathComplexity="2" sequenceCoverage="100" branchCoverage="100" isConstructor="false" isStatic="true" isGetter="false" isSetter="false" crapScore="2">
              <Summary numSequencePoints="4" visitedSequencePoints="4" numBranchPoints="3" visitedBranchPoints="3" sequenceCoverage="100" branchCoverage="100" maxCyclomaticComplexity="2" minCyclomaticComplexity="2" visitedClasses="0" numClasses="0" visitedMethods="1" numMethods="1" minCrapScore="2" maxCrapScore="2" />
              <MetadataToken>100663324</MetadataToken>
              <Name>System.Int32 ActiveLogin.Identity.Swedish.SwedishPersonalIdentityNumberHintExtensions::GetAgeHint(ActiveLogin.Identity.Swedish.SwedishPersonalIdentityNumber,System.DateTime)</Name>
              <FileRef uid="2" />
              <SequencePoints>
                <SequencePoint vc="7" uspid="46" ordinal="0" offset="0" sl="196" sc="9" el="199" ec="17" bec="2" bev="2" fileid="2" />
                <SequencePoint vc="2" uspid="45" ordinal="1" offset="32" sl="198" sc="27" el="198" ec="73" bec="0" bev="0" fileid="2" />
                <SequencePoint vc="5" uspid="44" ordinal="2" offset="56" sl="196" sc="9" el="199" ec="17" bec="0" bev="0" fileid="2" />
                <SequencePoint vc="5" uspid="43" ordinal="3" offset="59" sl="199" sc="16" el="199" ec="17" bec="0" bev="0" fileid="2" />
              </SequencePoints>
              <BranchPoints>
                <BranchPoint vc="2" uspid="8" ordinal="0" offset="23" sl="196" path="0" offsetchain="25" offsetend="29" fileid="2" />
                <BranchPoint vc="5" uspid="9" ordinal="1" offset="23" sl="196" path="1" offsetchain="27" offsetend="56" fileid="2" />
              </BranchPoints>
              <MethodPoint xsi:type="SequencePoint" vc="7" uspid="46" ordinal="0" offset="0" sl="196" sc="9" el="199" ec="17" bec="2" bev="0" fileid="2" />
            </Method>
            <Method visited="true" cyclomaticComplexity="2" nPathComplexity="2" sequenceCoverage="75" branchCoverage="66.67" isConstructor="false" isStatic="true" isGetter="false" isSetter="false" crapScore="2.06">
              <Summary numSequencePoints="4" visitedSequencePoints="3" numBranchPoints="3" visitedBranchPoints="2" sequenceCoverage="75" branchCoverage="66.67" maxCyclomaticComplexity="2" minCyclomaticComplexity="2" visitedClasses="0" numClasses="0" visitedMethods="1" numMethods="1" minCrapScore="2.06" maxCrapScore="2.06" />
              <MetadataToken>100663325</MetadataToken>
              <Name>System.Int32 ActiveLogin.Identity.Swedish.SwedishPersonalIdentityNumberHintExtensions::GetAgeHint(ActiveLogin.Identity.Swedish.SwedishPersonalIdentityNumber)</Name>
              <FileRef uid="2" />
              <SequencePoints>
                <SequencePoint vc="1" uspid="50" ordinal="0" offset="0" sl="207" sc="9" el="210" ec="17" bec="2" bev="1" fileid="2" />
                <SequencePoint vc="0" uspid="49" ordinal="1" offset="31" sl="209" sc="27" el="209" ec="73" bec="0" bev="0" fileid="2" />
                <SequencePoint vc="1" uspid="48" ordinal="2" offset="55" sl="207" sc="9" el="210" ec="17" bec="0" bev="0" fileid="2" />
                <SequencePoint vc="1" uspid="47" ordinal="3" offset="58" sl="210" sc="16" el="210" ec="17" bec="0" bev="0" fileid="2" />
              </SequencePoints>
              <BranchPoints>
                <BranchPoint vc="0" uspid="10" ordinal="0" offset="22" sl="207" path="0" offsetchain="24" offsetend="28" fileid="2" />
                <BranchPoint vc="1" uspid="11" ordinal="1" offset="22" sl="207" path="1" offsetchain="26" offsetend="55" fileid="2" />
              </BranchPoints>
              <MethodPoint xsi:type="SequencePoint" vc="1" uspid="50" ordinal="0" offset="0" sl="207" sc="9" el="210" ec="17" bec="2" bev="0" fileid="2" />
            </Method>
          </Methods>
        </Class>
        <Class>
          <Summary numSequencePoints="0" visitedSequencePoints="0" numBranchPoints="0" visitedBranchPoints="0" sequenceCoverage="0" branchCoverage="0" maxCyclomaticComplexity="0" minCyclomaticComplexity="0" visitedClasses="0" numClasses="0" visitedMethods="0" numMethods="0" minCrapScore="0" maxCrapScore="0" />
          <FullName>&lt;StartupCode$ActiveLogin-Identity-Swedish&gt;.$.NETStandard,Version=v2.0.AssemblyAttributes</FullName>
          <Methods />
        </Class>
        <Class>
          <Summary numSequencePoints="0" visitedSequencePoints="0" numBranchPoints="0" visitedBranchPoints="0" sequenceCoverage="0" branchCoverage="0" maxCyclomaticComplexity="0" minCyclomaticComplexity="0" visitedClasses="0" numClasses="0" visitedMethods="0" numMethods="0" minCrapScore="0" maxCrapScore="0" />
          <FullName>&lt;StartupCode$ActiveLogin-Identity-Swedish&gt;.$SwedishPersonalIdentityNumberCSharp</FullName>
          <Methods />
        </Class>
        <Class>
          <Summary numSequencePoints="2" visitedSequencePoints="2" numBranchPoints="1" visitedBranchPoints="0" sequenceCoverage="100" branchCoverage="0" maxCyclomaticComplexity="1" minCyclomaticComplexity="1" visitedClasses="1" numClasses="1" visitedMethods="1" numMethods="1" minCrapScore="1" maxCrapScore="1" />
          <FullName>&lt;StartupCode$ActiveLogin-Identity-Swedish&gt;.$SwedishPersonalIdentityNumberCSharp/ParseInSpecificYear@73</FullName>
          <Methods>
            <Method visited="true" cyclomaticComplexity="1" nPathComplexity="0" sequenceCoverage="100" branchCoverage="0" isConstructor="false" isStatic="false" isGetter="false" isSetter="false" crapScore="1">
              <Summary numSequencePoints="2" visitedSequencePoints="2" numBranchPoints="1" visitedBranchPoints="0" sequenceCoverage="100" branchCoverage="0" maxCyclomaticComplexity="1" minCyclomaticComplexity="1" visitedClasses="0" numClasses="0" visitedMethods="1" numMethods="1" minCrapScore="1" maxCrapScore="1" />
              <MetadataToken>100663327</MetadataToken>
              <Name>Microsoft.FSharp.Core.FSharpResult`2&lt;ActiveLogin.Identity.Swedish.FSharp.Types/SwedishPersonalIdentityNumber,ActiveLogin.Identity.Swedish.FSharp.Types/Error&gt; &lt;StartupCode$ActiveLogin-Identity-Swedish&gt;.$SwedishPersonalIdentityNumberCSharp/ParseInSpecificYear@73::Invoke(ActiveLogin.Identity.Swedish.FSharp.Types/Year)</Name>
              <FileRef uid="2" />
              <SequencePoints>
                <SequencePoint vc="37" uspid="52" ordinal="0" offset="0" sl="72" sc="18" el="72" ec="54" bec="0" bev="0" fileid="2" />
                <SequencePoint vc="37" uspid="51" ordinal="1" offset="2" sl="73" sc="18" el="73" ec="73" bec="0" bev="0" fileid="2" />
              </SequencePoints>
              <BranchPoints />
              <MethodPoint xsi:type="SequencePoint" vc="37" uspid="52" ordinal="0" offset="0" sl="72" sc="18" el="72" ec="54" bec="0" bev="0" fileid="2" />
            </Method>
          </Methods>
        </Class>
        <Class>
          <Summary numSequencePoints="2" visitedSequencePoints="2" numBranchPoints="1" visitedBranchPoints="0" sequenceCoverage="100" branchCoverage="0" maxCyclomaticComplexity="1" minCyclomaticComplexity="1" visitedClasses="1" numClasses="1" visitedMethods="1" numMethods="1" minCrapScore="1" maxCrapScore="1" />
          <FullName>&lt;StartupCode$ActiveLogin-Identity-Swedish&gt;.$SwedishPersonalIdentityNumberCSharp/pin@99</FullName>
          <Methods>
            <Method visited="true" cyclomaticComplexity="1" nPathComplexity="0" sequenceCoverage="100" branchCoverage="0" isConstructor="false" isStatic="false" isGetter="false" isSetter="false" crapScore="1">
              <Summary numSequencePoints="2" visitedSequencePoints="2" numBranchPoints="1" visitedBranchPoints="0" sequenceCoverage="100" branchCoverage="0" maxCyclomaticComplexity="1" minCyclomaticComplexity="1" visitedClasses="0" numClasses="0" visitedMethods="1" numMethods="1" minCrapScore="1" maxCrapScore="1" />
              <MetadataToken>100663329</MetadataToken>
              <Name>Microsoft.FSharp.Core.FSharpResult`2&lt;ActiveLogin.Identity.Swedish.FSharp.Types/SwedishPersonalIdentityNumber,ActiveLogin.Identity.Swedish.FSharp.Types/Error&gt; &lt;StartupCode$ActiveLogin-Identity-Swedish&gt;.$SwedishPersonalIdentityNumberCSharp/pin@99::Invoke(ActiveLogin.Identity.Swedish.FSharp.Types/Year)</Name>
              <FileRef uid="2" />
              <SequencePoints>
                <SequencePoint vc="1" uspid="54" ordinal="0" offset="0" sl="98" sc="28" el="98" ec="64" bec="0" bev="0" fileid="2" />
                <SequencePoint vc="1" uspid="53" ordinal="1" offset="2" sl="99" sc="28" el="99" ec="83" bec="0" bev="0" fileid="2" />
              </SequencePoints>
              <BranchPoints />
              <MethodPoint xsi:type="SequencePoint" vc="1" uspid="54" ordinal="0" offset="0" sl="98" sc="28" el="98" ec="64" bec="0" bev="0" fileid="2" />
            </Method>
          </Methods>
        </Class>
        <Class>
          <Summary numSequencePoints="35" visitedSequencePoints="33" numBranchPoints="24" visitedBranchPoints="19" sequenceCoverage="94.29" branchCoverage="79.17" maxCyclomaticComplexity="7" minCyclomaticComplexity="1" visitedClasses="1" numClasses="1" visitedMethods="9" numMethods="9" minCrapScore="1" maxCrapScore="7" />
          <FullName>ActiveLogin.Identity.Swedish.FSharp.SwedishPersonalIdentityNumber</FullName>
          <Methods>
            <Method visited="true" cyclomaticComplexity="1" nPathComplexity="0" sequenceCoverage="100" branchCoverage="0" isConstructor="false" isStatic="true" isGetter="false" isSetter="false" crapScore="1">
              <Summary numSequencePoints="1" visitedSequencePoints="1" numBranchPoints="1" visitedBranchPoints="0" sequenceCoverage="100" branchCoverage="0" maxCyclomaticComplexity="1" minCyclomaticComplexity="1" visitedClasses="0" numClasses="0" visitedMethods="1" numMethods="1" minCrapScore="1" maxCrapScore="1" />
              <MetadataToken>100663330</MetadataToken>
              <Name>Microsoft.FSharp.Core.FSharpResult`2&lt;ActiveLogin.Identity.Swedish.FSharp.Types/SwedishPersonalIdentityNumber,ActiveLogin.Identity.Swedish.FSharp.Types/Error&gt; ActiveLogin.Identity.Swedish.FSharp.SwedishPersonalIdentityNumber::create(ActiveLogin.Identity.Swedish.FSharp.Types/SwedishPersonalIdentityNumberValues)</Name>
              <FileRef uid="3" />
              <SequencePoints>
                <SequencePoint vc="148" uspid="55" ordinal="0" offset="0" sl="6" sc="5" el="6" ec="11" bec="0" bev="0" fileid="3" />
              </SequencePoints>
              <BranchPoints />
              <MethodPoint xsi:type="SequencePoint" vc="148" uspid="55" ordinal="0" offset="0" sl="6" sc="5" el="6" ec="11" bec="0" bev="0" fileid="3" />
            </Method>
            <Method visited="true" cyclomaticComplexity="1" nPathComplexity="0" sequenceCoverage="100" branchCoverage="0" isConstructor="false" isStatic="true" isGetter="false" isSetter="false" crapScore="1">
              <Summary numSequencePoints="1" visitedSequencePoints="1" numBranchPoints="1" visitedBranchPoints="0" sequenceCoverage="100" branchCoverage="0" maxCyclomaticComplexity="1" minCyclomaticComplexity="1" visitedClasses="0" numClasses="0" visitedMethods="1" numMethods="1" minCrapScore="1" maxCrapScore="1" />
              <MetadataToken>100663331</MetadataToken>
              <Name>ActiveLogin.Identity.Swedish.FSharp.Types/SwedishPersonalIdentityNumberValues ActiveLogin.Identity.Swedish.FSharp.SwedishPersonalIdentityNumber::extractValues(ActiveLogin.Identity.Swedish.FSharp.Types/SwedishPersonalIdentityNumber)</Name>
              <FileRef uid="3" />
              <SequencePoints>
                <SequencePoint vc="38" uspid="56" ordinal="0" offset="0" sl="20" sc="5" el="24" ec="50" bec="0" bev="0" fileid="3" />
              </SequencePoints>
              <BranchPoints />
              <MethodPoint xsi:type="SequencePoint" vc="38" uspid="56" ordinal="0" offset="0" sl="20" sc="5" el="24" ec="50" bec="0" bev="0" fileid="3" />
            </Method>
            <Method visited="true" cyclomaticComplexity="2" nPathComplexity="2" sequenceCoverage="100" branchCoverage="100" isConstructor="false" isStatic="true" isGetter="false" isSetter="false" crapScore="2">
              <Summary numSequencePoints="5" visitedSequencePoints="5" numBranchPoints="3" visitedBranchPoints="3" sequenceCoverage="100" branchCoverage="100" maxCyclomaticComplexity="2" minCyclomaticComplexity="2" visitedClasses="0" numClasses="0" visitedMethods="1" numMethods="1" minCrapScore="2" maxCrapScore="2" />
              <MetadataToken>100663332</MetadataToken>
              <Name>System.String ActiveLogin.Identity.Swedish.FSharp.SwedishPersonalIdentityNumber::to10DigitStringInSpecificYear(ActiveLogin.Identity.Swedish.FSharp.Types/Year,ActiveLogin.Identity.Swedish.FSharp.Types/SwedishPersonalIdentityNumber)</Name>
              <FileRef uid="3" />
              <SequencePoints>
                <SequencePoint vc="18" uspid="61" ordinal="0" offset="0" sl="28" sc="9" el="28" ec="84" bec="2" bev="2" fileid="3" />
                <SequencePoint vc="7" uspid="60" ordinal="1" offset="26" sl="28" sc="85" el="28" ec="88" bec="0" bev="0" fileid="3" />
                <SequencePoint vc="11" uspid="59" ordinal="2" offset="34" sl="29" sc="14" el="29" ec="17" bec="0" bev="0" fileid="3" />
                <SequencePoint vc="18" uspid="58" ordinal="3" offset="41" sl="31" sc="5" el="31" ec="31" bec="0" bev="0" fileid="3" />
                <SequencePoint vc="18" uspid="57" ordinal="4" offset="48" sl="32" sc="5" el="32" ec="36" bec="0" bev="0" fileid="3" />
              </SequencePoints>
              <BranchPoints>
                <BranchPoint vc="7" uspid="12" ordinal="0" offset="20" sl="28" path="0" offsetchain="22" offsetend="26" fileid="3" />
                <BranchPoint vc="11" uspid="13" ordinal="1" offset="20" sl="28" path="1" offsetchain="24" offsetend="34" fileid="3" />
              </BranchPoints>
              <MethodPoint xsi:type="SequencePoint" vc="18" uspid="61" ordinal="0" offset="0" sl="28" sc="9" el="28" ec="84" bec="2" bev="0" fileid="3" />
            </Method>
            <Method visited="true" cyclomaticComplexity="2" nPathComplexity="2" sequenceCoverage="60" branchCoverage="66.67" isConstructor="false" isStatic="true" isGetter="false" isSetter="false" crapScore="2.26">
              <Summary numSequencePoints="5" visitedSequencePoints="3" numBranchPoints="3" visitedBranchPoints="2" sequenceCoverage="60" branchCoverage="66.67" maxCyclomaticComplexity="2" minCyclomaticComplexity="2" visitedClasses="0" numClasses="0" visitedMethods="1" numMethods="1" minCrapScore="2.26" maxCrapScore="2.26" />
              <MetadataToken>100663333</MetadataToken>
              <Name>System.String ActiveLogin.Identity.Swedish.FSharp.SwedishPersonalIdentityNumber::to10DigitString(ActiveLogin.Identity.Swedish.FSharp.Types/SwedishPersonalIdentityNumber)</Name>
              <FileRef uid="3" />
              <SequencePoints>
                <SequencePoint vc="2" uspid="66" ordinal="0" offset="0" sl="35" sc="5" el="40" ec="69" bec="2" bev="1" fileid="3" />
                <SequencePoint vc="2" uspid="65" ordinal="1" offset="45" sl="39" sc="19" el="39" ec="20" bec="0" bev="0" fileid="3" />
                <SequencePoint vc="0" uspid="64" ordinal="2" offset="50" sl="35" sc="5" el="40" ec="69" bec="0" bev="0" fileid="3" />
                <SequencePoint vc="0" uspid="63" ordinal="3" offset="59" sl="40" sc="22" el="40" ec="69" bec="0" bev="0" fileid="3" />
                <SequencePoint vc="2" uspid="62" ordinal="4" offset="84" sl="41" sc="5" el="41" ec="43" bec="0" bev="0" fileid="3" />
              </SequencePoints>
              <BranchPoints>
                <BranchPoint vc="0" uspid="14" ordinal="0" offset="32" sl="35" path="0" offsetchain="34" offsetend="50" fileid="3" />
                <BranchPoint vc="2" uspid="15" ordinal="1" offset="32" sl="35" path="1" offsetend="36" fileid="3" />
              </BranchPoints>
              <MethodPoint xsi:type="SequencePoint" vc="2" uspid="66" ordinal="0" offset="0" sl="35" sc="5" el="40" ec="69" bec="2" bev="0" fileid="3" />
            </Method>
            <Method visited="true" cyclomaticComplexity="1" nPathComplexity="0" sequenceCoverage="100" branchCoverage="0" isConstructor="false" isStatic="true" isGetter="false" isSetter="false" crapScore="1">
              <Summary numSequencePoints="2" visitedSequencePoints="2" numBranchPoints="1" visitedBranchPoints="0" sequenceCoverage="100" branchCoverage="0" maxCyclomaticComplexity="1" minCyclomaticComplexity="1" visitedClasses="0" numClasses="0" visitedMethods="1" numMethods="1" minCrapScore="1" maxCrapScore="1" />
              <MetadataToken>100663334</MetadataToken>
              <Name>System.String ActiveLogin.Identity.Swedish.FSharp.SwedishPersonalIdentityNumber::to12DigitString(ActiveLogin.Identity.Swedish.FSharp.Types/SwedishPersonalIdentityNumber)</Name>
              <FileRef uid="3" />
              <SequencePoints>
                <SequencePoint vc="20" uspid="68" ordinal="0" offset="0" sl="44" sc="5" el="44" ec="31" bec="0" bev="0" fileid="3" />
                <SequencePoint vc="20" uspid="67" ordinal="1" offset="7" sl="45" sc="5" el="45" ec="34" bec="0" bev="0" fileid="3" />
              </SequencePoints>
              <BranchPoints />
              <MethodPoint xsi:type="SequencePoint" vc="20" uspid="68" ordinal="0" offset="0" sl="44" sc="5" el="44" ec="31" bec="0" bev="0" fileid="3" />
            </Method>
            <Method visited="true" cyclomaticComplexity="7" nPathComplexity="7" sequenceCoverage="100" branchCoverage="100" isConstructor="false" isStatic="true" isGetter="false" isSetter="false" crapScore="7">
              <Summary numSequencePoints="13" visitedSequencePoints="13" numBranchPoints="8" visitedBranchPoints="8" sequenceCoverage="100" branchCoverage="100" maxCyclomaticComplexity="7" minCyclomaticComplexity="7" visitedClasses="0" numClasses="0" visitedMethods="1" numMethods="1" minCrapScore="7" maxCrapScore="7" />
              <MetadataToken>100663335</MetadataToken>
              <Name>a ActiveLogin.Identity.Swedish.FSharp.SwedishPersonalIdentityNumber::handleError(ActiveLogin.Identity.Swedish.FSharp.Types/Error)</Name>
              <FileRef uid="3" />
              <SequencePoints>
                <SequencePoint vc="22" uspid="81" ordinal="0" offset="0" sl="48" sc="5" el="48" ec="17" bec="7" bev="7" fileid="3" />
                <SequencePoint vc="2" uspid="80" ordinal="1" offset="81" sl="49" sc="24" el="49" ec="90" bec="0" bev="0" fileid="3" />
                <SequencePoint vc="2" uspid="79" ordinal="2" offset="103" sl="48" sc="5" el="48" ec="17" bec="0" bev="0" fileid="3" />
                <SequencePoint vc="2" uspid="78" ordinal="3" offset="118" sl="51" sc="9" el="51" ec="107" bec="0" bev="0" fileid="3" />
                <SequencePoint vc="1" uspid="77" ordinal="4" offset="141" sl="48" sc="5" el="48" ec="17" bec="0" bev="0" fileid="3" />
                <SequencePoint vc="1" uspid="76" ordinal="5" offset="158" sl="53" sc="9" el="54" ec="122" bec="0" bev="0" fileid="3" />
                <SequencePoint vc="3" uspid="75" ordinal="6" offset="181" sl="48" sc="5" el="48" ec="17" bec="0" bev="0" fileid="3" />
                <SequencePoint vc="3" uspid="74" ordinal="7" offset="198" sl="55" sc="41" el="55" ec="114" bec="0" bev="0" fileid="3" />
                <SequencePoint vc="2" uspid="73" ordinal="8" offset="221" sl="48" sc="5" el="48" ec="17" bec="0" bev="0" fileid="3" />
                <SequencePoint vc="2" uspid="72" ordinal="9" offset="238" sl="57" sc="9" el="58" ec="119" bec="0" bev="0" fileid="3" />
                <SequencePoint vc="2" uspid="71" ordinal="10" offset="261" sl="48" sc="5" el="48" ec="17" bec="0" bev="0" fileid="3" />
                <SequencePoint vc="2" uspid="70" ordinal="11" offset="269" sl="59" sc="28" el="59" ec="89" bec="0" bev="0" fileid="3" />
                <SequencePoint vc="10" uspid="69" ordinal="12" offset="285" sl="60" sc="23" el="60" ec="83" bec="0" bev="0" fileid="3" />
              </SequencePoints>
              <BranchPoints>
                <BranchPoint vc="2" uspid="16" ordinal="0" offset="8" sl="48" path="0" offsetchain="41" offsetend="67" fileid="3" />
                <BranchPoint vc="2" uspid="17" ordinal="1" offset="8" sl="48" path="1" offsetchain="43" offsetend="103" fileid="3" />
                <BranchPoint vc="3" uspid="18" ordinal="2" offset="8" sl="48" path="2" offsetchain="47" offsetend="181" fileid="3" />
                <BranchPoint vc="1" uspid="19" ordinal="3" offset="8" sl="48" path="3" offsetchain="45" offsetend="141" fileid="3" />
                <BranchPoint vc="2" uspid="20" ordinal="4" offset="8" sl="48" path="4" offsetchain="52" offsetend="221" fileid="3" />
                <BranchPoint vc="2" uspid="21" ordinal="5" offset="8" sl="48" path="5" offsetchain="57" offsetend="261" fileid="3" />
                <BranchPoint vc="10" uspid="22" ordinal="6" offset="8" sl="48" path="6" offsetchain="62" offsetend="285" fileid="3" />
              </BranchPoints>
              <MethodPoint xsi:type="SequencePoint" vc="22" uspid="81" ordinal="0" offset="0" sl="48" sc="5" el="48" ec="17" bec="7" bev="0" fileid="3" />
            </Method>
            <Method visited="true" cyclomaticComplexity="2" nPathComplexity="2" sequenceCoverage="100" branchCoverage="100" isConstructor="false" isStatic="true" isGetter="false" isSetter="false" crapScore="2">
              <Summary numSequencePoints="4" visitedSequencePoints="4" numBranchPoints="3" visitedBranchPoints="3" sequenceCoverage="100" branchCoverage="100" maxCyclomaticComplexity="2" minCyclomaticComplexity="2" visitedClasses="0" numClasses="0" visitedMethods="1" numMethods="1" minCrapScore="2" maxCrapScore="2" />
              <MetadataToken>100663336</MetadataToken>
              <Name>ActiveLogin.Identity.Swedish.FSharp.Types/SwedishPersonalIdentityNumber ActiveLogin.Identity.Swedish.FSharp.SwedishPersonalIdentityNumber::tryGetResult(Microsoft.FSharp.Core.FSharpResult`2&lt;ActiveLogin.Identity.Swedish.FSharp.Types/SwedishPersonalIdentityNumber,ActiveLogin.Identity.Swedish.FSharp.Types/Error&gt;)</Name>
              <FileRef uid="3" />
              <SequencePoints>
                <SequencePoint vc="154" uspid="85" ordinal="0" offset="0" sl="63" sc="5" el="63" ec="19" bec="2" bev="2" fileid="3" />
                <SequencePoint vc="132" uspid="84" ordinal="1" offset="22" sl="64" sc="15" el="64" ec="16" bec="0" bev="0" fileid="3" />
                <SequencePoint vc="22" uspid="83" ordinal="2" offset="24" sl="63" sc="5" el="63" ec="19" bec="0" bev="0" fileid="3" />
                <SequencePoint vc="22" uspid="82" ordinal="3" offset="32" sl="65" sc="18" el="65" ec="31" bec="0" bev="0" fileid="3" />
              </SequencePoints>
              <BranchPoints>
                <BranchPoint vc="22" uspid="23" ordinal="0" offset="10" sl="63" path="0" offsetchain="12" offsetend="24" fileid="3" />
                <BranchPoint vc="132" uspid="24" ordinal="1" offset="10" sl="63" path="1" offsetend="14" fileid="3" />
              </BranchPoints>
              <MethodPoint xsi:type="SequencePoint" vc="154" uspid="85" ordinal="0" offset="0" sl="63" sc="5" el="63" ec="19" bec="2" bev="0" fileid="3" />
            </Method>
            <Method visited="true" cyclomaticComplexity="2" nPathComplexity="2" sequenceCoverage="100" branchCoverage="100" isConstructor="false" isStatic="true" isGetter="false" isSetter="false" crapScore="2">
              <Summary numSequencePoints="3" visitedSequencePoints="3" numBranchPoints="3" visitedBranchPoints="3" sequenceCoverage="100" branchCoverage="100" maxCyclomaticComplexity="2" minCyclomaticComplexity="2" visitedClasses="0" numClasses="0" visitedMethods="1" numMethods="1" minCrapScore="2" maxCrapScore="2" />
              <MetadataToken>100663337</MetadataToken>
              <Name>Microsoft.FSharp.Core.FSharpResult`2&lt;ActiveLogin.Identity.Swedish.FSharp.Types/SwedishPersonalIdentityNumber,ActiveLogin.Identity.Swedish.FSharp.Types/Error&gt; ActiveLogin.Identity.Swedish.FSharp.SwedishPersonalIdentityNumber::parseInSpecificYear(ActiveLogin.Identity.Swedish.FSharp.Types/Year,System.String)</Name>
              <FileRef uid="3" />
              <SequencePoints>
                <SequencePoint vc="97" uspid="88" ordinal="0" offset="6" sl="98" sc="5" el="98" ec="19" bec="2" bev="2" fileid="3" />
                <SequencePoint vc="88" uspid="87" ordinal="1" offset="29" sl="99" sc="38" el="99" ec="69" bec="0" bev="0" fileid="3" />
                <SequencePoint vc="9" uspid="86" ordinal="2" offset="38" sl="100" sc="12" el="100" ec="33" bec="0" bev="0" fileid="3" />
              </SequencePoints>
              <BranchPoints>
                <BranchPoint vc="88" uspid="25" ordinal="0" offset="16" sl="98" path="0" offsetchain="18" offsetend="22" fileid="3" />
                <BranchPoint vc="9" uspid="26" ordinal="1" offset="16" sl="98" path="1" offsetchain="20" offsetend="38" fileid="3" />
              </BranchPoints>
              <MethodPoint xsi:type="SequencePoint" vc="97" uspid="88" ordinal="0" offset="6" sl="98" sc="5" el="98" ec="19" bec="2" bev="0" fileid="3" />
            </Method>
            <Method visited="true" cyclomaticComplexity="1" nPathComplexity="0" sequenceCoverage="100" branchCoverage="0" isConstructor="false" isStatic="true" isGetter="false" isSetter="false" crapScore="1">
              <Summary numSequencePoints="1" visitedSequencePoints="1" numBranchPoints="1" visitedBranchPoints="0" sequenceCoverage="100" branchCoverage="0" maxCyclomaticComplexity="1" minCyclomaticComplexity="1" visitedClasses="0" numClasses="0" visitedMethods="1" numMethods="1" minCrapScore="1" maxCrapScore="1" />
              <MetadataToken>100663338</MetadataToken>
              <Name>Microsoft.FSharp.Core.FSharpResult`2&lt;ActiveLogin.Identity.Swedish.FSharp.Types/SwedishPersonalIdentityNumber,ActiveLogin.Identity.Swedish.FSharp.Types/Error&gt; ActiveLogin.Identity.Swedish.FSharp.SwedishPersonalIdentityNumber::parse(System.String)</Name>
              <FileRef uid="3" />
              <SequencePoints>
                <SequencePoint vc="59" uspid="89" ordinal="0" offset="0" sl="102" sc="17" el="102" ec="23" bec="0" bev="0" fileid="3" />
              </SequencePoints>
              <BranchPoints />
              <MethodPoint xsi:type="SequencePoint" vc="59" uspid="89" ordinal="0" offset="0" sl="102" sc="17" el="102" ec="23" bec="0" bev="0" fileid="3" />
            </Method>
          </Methods>
        </Class>
        <Class>
          <Summary numSequencePoints="2" visitedSequencePoints="2" numBranchPoints="1" visitedBranchPoints="0" sequenceCoverage="100" branchCoverage="0" maxCyclomaticComplexity="1" minCyclomaticComplexity="1" visitedClasses="1" numClasses="1" visitedMethods="1" numMethods="1" minCrapScore="1" maxCrapScore="1" />
          <FullName>ActiveLogin.Identity.Swedish.FSharp.SwedishPersonalIdentityNumber/create@12-4</FullName>
          <Methods>
            <Method visited="true" cyclomaticComplexity="1" nPathComplexity="0" sequenceCoverage="100" branchCoverage="0" isConstructor="false" isStatic="false" isGetter="false" isSetter="false" crapScore="1">
              <Summary numSequencePoints="2" visitedSequencePoints="2" numBranchPoints="1" visitedBranchPoints="0" sequenceCoverage="100" branchCoverage="0" maxCyclomaticComplexity="1" minCyclomaticComplexity="1" visitedClasses="0" numClasses="0" visitedMethods="1" numMethods="1" minCrapScore="1" maxCrapScore="1" />
              <MetadataToken>100663340</MetadataToken>
              <Name>Microsoft.FSharp.Core.FSharpResult`2&lt;ActiveLogin.Identity.Swedish.FSharp.Types/SwedishPersonalIdentityNumber,ActiveLogin.Identity.Swedish.FSharp.Types/Error&gt; ActiveLogin.Identity.Swedish.FSharp.SwedishPersonalIdentityNumber/create@12-4::Invoke(ActiveLogin.Identity.Swedish.FSharp.Types/Checksum)</Name>
              <FileRef uid="3" />
              <SequencePoints>
                <SequencePoint vc="134" uspid="91" ordinal="0" offset="0" sl="11" sc="9" el="11" ec="60" bec="0" bev="0" fileid="3" />
                <SequencePoint vc="134" uspid="90" ordinal="1" offset="2" sl="12" sc="9" el="16" ec="32" bec="0" bev="0" fileid="3" />
              </SequencePoints>
              <BranchPoints />
              <MethodPoint xsi:type="SequencePoint" vc="134" uspid="91" ordinal="0" offset="0" sl="11" sc="9" el="11" ec="60" bec="0" bev="0" fileid="3" />
            </Method>
          </Methods>
        </Class>
        <Class>
          <Summary numSequencePoints="2" visitedSequencePoints="2" numBranchPoints="1" visitedBranchPoints="0" sequenceCoverage="100" branchCoverage="0" maxCyclomaticComplexity="1" minCyclomaticComplexity="1" visitedClasses="1" numClasses="1" visitedMethods="1" numMethods="1" minCrapScore="1" maxCrapScore="1" />
          <FullName>ActiveLogin.Identity.Swedish.FSharp.SwedishPersonalIdentityNumber/create@11-3</FullName>
          <Methods>
            <Method visited="true" cyclomaticComplexity="1" nPathComplexity="0" sequenceCoverage="100" branchCoverage="0" isConstructor="false" isStatic="false" isGetter="false" isSetter="false" crapScore="1">
              <Summary numSequencePoints="2" visitedSequencePoints="2" numBranchPoints="1" visitedBranchPoints="0" sequenceCoverage="100" branchCoverage="0" maxCyclomaticComplexity="1" minCyclomaticComplexity="1" visitedClasses="0" numClasses="0" visitedMethods="1" numMethods="1" minCrapScore="1" maxCrapScore="1" />
              <MetadataToken>100663342</MetadataToken>
              <Name>Microsoft.FSharp.Core.FSharpResult`2&lt;ActiveLogin.Identity.Swedish.FSharp.Types/SwedishPersonalIdentityNumber,ActiveLogin.Identity.Swedish.FSharp.Types/Error&gt; ActiveLogin.Identity.Swedish.FSharp.SwedishPersonalIdentityNumber/create@11-3::Invoke(ActiveLogin.Identity.Swedish.FSharp.Types/BirthNumber)</Name>
              <FileRef uid="3" />
              <SequencePoints>
                <SequencePoint vc="136" uspid="93" ordinal="0" offset="0" sl="10" sc="9" el="10" ec="58" bec="0" bev="0" fileid="3" />
                <SequencePoint vc="136" uspid="92" ordinal="1" offset="2" sl="11" sc="9" el="11" ec="60" bec="0" bev="0" fileid="3" />
              </SequencePoints>
              <BranchPoints />
              <MethodPoint xsi:type="SequencePoint" vc="136" uspid="93" ordinal="0" offset="0" sl="10" sc="9" el="10" ec="58" bec="0" bev="0" fileid="3" />
            </Method>
          </Methods>
        </Class>
        <Class>
          <Summary numSequencePoints="2" visitedSequencePoints="2" numBranchPoints="1" visitedBranchPoints="0" sequenceCoverage="100" branchCoverage="0" maxCyclomaticComplexity="1" minCyclomaticComplexity="1" visitedClasses="1" numClasses="1" visitedMethods="1" numMethods="1" minCrapScore="1" maxCrapScore="1" />
          <FullName>ActiveLogin.Identity.Swedish.FSharp.SwedishPersonalIdentityNumber/create@10-2</FullName>
          <Methods>
            <Method visited="true" cyclomaticComplexity="1" nPathComplexity="0" sequenceCoverage="100" branchCoverage="0" isConstructor="false" isStatic="false" isGetter="false" isSetter="false" crapScore="1">
              <Summary numSequencePoints="2" visitedSequencePoints="2" numBranchPoints="1" visitedBranchPoints="0" sequenceCoverage="100" branchCoverage="0" maxCyclomaticComplexity="1" minCyclomaticComplexity="1" visitedClasses="0" numClasses="0" visitedMethods="1" numMethods="1" minCrapScore="1" maxCrapScore="1" />
              <MetadataToken>100663344</MetadataToken>
              <Name>Microsoft.FSharp.Core.FSharpResult`2&lt;ActiveLogin.Identity.Swedish.FSharp.Types/SwedishPersonalIdentityNumber,ActiveLogin.Identity.Swedish.FSharp.Types/Error&gt; ActiveLogin.Identity.Swedish.FSharp.SwedishPersonalIdentityNumber/create@10-2::Invoke(ActiveLogin.Identity.Swedish.FSharp.Types/Day)</Name>
              <FileRef uid="3" />
              <SequencePoints>
                <SequencePoint vc="138" uspid="95" ordinal="0" offset="0" sl="9" sc="9" el="9" ec="46" bec="0" bev="0" fileid="3" />
                <SequencePoint vc="138" uspid="94" ordinal="1" offset="2" sl="10" sc="9" el="10" ec="58" bec="0" bev="0" fileid="3" />
              </SequencePoints>
              <BranchPoints />
              <MethodPoint xsi:type="SequencePoint" vc="138" uspid="95" ordinal="0" offset="0" sl="9" sc="9" el="9" ec="46" bec="0" bev="0" fileid="3" />
            </Method>
          </Methods>
        </Class>
        <Class>
          <Summary numSequencePoints="2" visitedSequencePoints="2" numBranchPoints="1" visitedBranchPoints="0" sequenceCoverage="100" branchCoverage="0" maxCyclomaticComplexity="1" minCyclomaticComplexity="1" visitedClasses="1" numClasses="1" visitedMethods="1" numMethods="1" minCrapScore="1" maxCrapScore="1" />
          <FullName>ActiveLogin.Identity.Swedish.FSharp.SwedishPersonalIdentityNumber/create@9-1</FullName>
          <Methods>
            <Method visited="true" cyclomaticComplexity="1" nPathComplexity="0" sequenceCoverage="100" branchCoverage="0" isConstructor="false" isStatic="false" isGetter="false" isSetter="false" crapScore="1">
              <Summary numSequencePoints="2" visitedSequencePoints="2" numBranchPoints="1" visitedBranchPoints="0" sequenceCoverage="100" branchCoverage="0" maxCyclomaticComplexity="1" minCyclomaticComplexity="1" visitedClasses="0" numClasses="0" visitedMethods="1" numMethods="1" minCrapScore="1" maxCrapScore="1" />
              <MetadataToken>100663346</MetadataToken>
              <Name>Microsoft.FSharp.Core.FSharpResult`2&lt;ActiveLogin.Identity.Swedish.FSharp.Types/SwedishPersonalIdentityNumber,ActiveLogin.Identity.Swedish.FSharp.Types/Error&gt; ActiveLogin.Identity.Swedish.FSharp.SwedishPersonalIdentityNumber/create@9-1::Invoke(ActiveLogin.Identity.Swedish.FSharp.Types/Month)</Name>
              <FileRef uid="3" />
              <SequencePoints>
                <SequencePoint vc="144" uspid="97" ordinal="0" offset="0" sl="8" sc="9" el="8" ec="46" bec="0" bev="0" fileid="3" />
                <SequencePoint vc="144" uspid="96" ordinal="1" offset="2" sl="9" sc="9" el="9" ec="46" bec="0" bev="0" fileid="3" />
              </SequencePoints>
              <BranchPoints />
              <MethodPoint xsi:type="SequencePoint" vc="144" uspid="97" ordinal="0" offset="0" sl="8" sc="9" el="8" ec="46" bec="0" bev="0" fileid="3" />
            </Method>
          </Methods>
        </Class>
        <Class>
          <Summary numSequencePoints="2" visitedSequencePoints="2" numBranchPoints="1" visitedBranchPoints="0" sequenceCoverage="100" branchCoverage="0" maxCyclomaticComplexity="1" minCyclomaticComplexity="1" visitedClasses="1" numClasses="1" visitedMethods="1" numMethods="1" minCrapScore="1" maxCrapScore="1" />
          <FullName>ActiveLogin.Identity.Swedish.FSharp.SwedishPersonalIdentityNumber/create@8</FullName>
          <Methods>
            <Method visited="true" cyclomaticComplexity="1" nPathComplexity="0" sequenceCoverage="100" branchCoverage="0" isConstructor="false" isStatic="false" isGetter="false" isSetter="false" crapScore="1">
              <Summary numSequencePoints="2" visitedSequencePoints="2" numBranchPoints="1" visitedBranchPoints="0" sequenceCoverage="100" branchCoverage="0" maxCyclomaticComplexity="1" minCyclomaticComplexity="1" visitedClasses="0" numClasses="0" visitedMethods="1" numMethods="1" minCrapScore="1" maxCrapScore="1" />
              <MetadataToken>100663348</MetadataToken>
              <Name>Microsoft.FSharp.Core.FSharpResult`2&lt;ActiveLogin.Identity.Swedish.FSharp.Types/SwedishPersonalIdentityNumber,ActiveLogin.Identity.Swedish.FSharp.Types/Error&gt; ActiveLogin.Identity.Swedish.FSharp.SwedishPersonalIdentityNumber/create@8::Invoke(ActiveLogin.Identity.Swedish.FSharp.Types/Year)</Name>
              <FileRef uid="3" />
              <SequencePoints>
                <SequencePoint vc="146" uspid="99" ordinal="0" offset="0" sl="7" sc="9" el="7" ec="44" bec="0" bev="0" fileid="3" />
                <SequencePoint vc="146" uspid="98" ordinal="1" offset="2" sl="8" sc="9" el="8" ec="46" bec="0" bev="0" fileid="3" />
              </SequencePoints>
              <BranchPoints />
              <MethodPoint xsi:type="SequencePoint" vc="146" uspid="99" ordinal="0" offset="0" sl="7" sc="9" el="7" ec="44" bec="0" bev="0" fileid="3" />
            </Method>
          </Methods>
        </Class>
        <Class>
          <Summary numSequencePoints="1" visitedSequencePoints="1" numBranchPoints="1" visitedBranchPoints="0" sequenceCoverage="100" branchCoverage="0" maxCyclomaticComplexity="1" minCyclomaticComplexity="1" visitedClasses="1" numClasses="1" visitedMethods="1" numMethods="1" minCrapScore="1" maxCrapScore="1" />
          <FullName>ActiveLogin.Identity.Swedish.FSharp.SwedishPersonalIdentityNumber/to10DigitStringInSpecificYear@32-5</FullName>
          <Methods>
            <Method visited="true" cyclomaticComplexity="1" nPathComplexity="0" sequenceCoverage="100" branchCoverage="0" isConstructor="false" isStatic="false" isGetter="false" isSetter="false" crapScore="1">
              <Summary numSequencePoints="1" visitedSequencePoints="1" numBranchPoints="1" visitedBranchPoints="0" sequenceCoverage="100" branchCoverage="0" maxCyclomaticComplexity="1" minCyclomaticComplexity="1" visitedClasses="0" numClasses="0" visitedMethods="1" numMethods="1" minCrapScore="1" maxCrapScore="1" />
              <MetadataToken>100663350</MetadataToken>
              <Name>System.String ActiveLogin.Identity.Swedish.FSharp.SwedishPersonalIdentityNumber/to10DigitStringInSpecificYear@32-5::Invoke(System.Int32)</Name>
              <FileRef uid="3" />
              <SequencePoints>
                <SequencePoint vc="18" uspid="100" ordinal="0" offset="0" sl="32" sc="5" el="32" ec="36" bec="0" bev="0" fileid="3" />
              </SequencePoints>
              <BranchPoints />
              <MethodPoint xsi:type="SequencePoint" vc="18" uspid="100" ordinal="0" offset="0" sl="32" sc="5" el="32" ec="36" bec="0" bev="0" fileid="3" />
            </Method>
          </Methods>
        </Class>
        <Class>
          <Summary numSequencePoints="1" visitedSequencePoints="1" numBranchPoints="1" visitedBranchPoints="0" sequenceCoverage="100" branchCoverage="0" maxCyclomaticComplexity="1" minCyclomaticComplexity="1" visitedClasses="1" numClasses="1" visitedMethods="1" numMethods="1" minCrapScore="1" maxCrapScore="1" />
          <FullName>ActiveLogin.Identity.Swedish.FSharp.SwedishPersonalIdentityNumber/to10DigitStringInSpecificYear@32-4</FullName>
          <Methods>
            <Method visited="true" cyclomaticComplexity="1" nPathComplexity="0" sequenceCoverage="100" branchCoverage="0" isConstructor="false" isStatic="false" isGetter="false" isSetter="false" crapScore="1">
              <Summary numSequencePoints="1" visitedSequencePoints="1" numBranchPoints="1" visitedBranchPoints="0" sequenceCoverage="100" branchCoverage="0" maxCyclomaticComplexity="1" minCyclomaticComplexity="1" visitedClasses="0" numClasses="0" visitedMethods="1" numMethods="1" minCrapScore="1" maxCrapScore="1" />
              <MetadataToken>100663352</MetadataToken>
              <Name>Microsoft.FSharp.Core.FSharpFunc`2&lt;System.Int32,System.String&gt; ActiveLogin.Identity.Swedish.FSharp.SwedishPersonalIdentityNumber/to10DigitStringInSpecificYear@32-4::Invoke(System.Int32)</Name>
              <FileRef uid="3" />
              <SequencePoints>
                <SequencePoint vc="18" uspid="101" ordinal="0" offset="0" sl="32" sc="5" el="32" ec="36" bec="0" bev="0" fileid="3" />
              </SequencePoints>
              <BranchPoints />
              <MethodPoint xsi:type="SequencePoint" vc="18" uspid="101" ordinal="0" offset="0" sl="32" sc="5" el="32" ec="36" bec="0" bev="0" fileid="3" />
            </Method>
          </Methods>
        </Class>
        <Class>
          <Summary numSequencePoints="1" visitedSequencePoints="1" numBranchPoints="1" visitedBranchPoints="0" sequenceCoverage="100" branchCoverage="0" maxCyclomaticComplexity="1" minCyclomaticComplexity="1" visitedClasses="1" numClasses="1" visitedMethods="1" numMethods="1" minCrapScore="1" maxCrapScore="1" />
          <FullName>ActiveLogin.Identity.Swedish.FSharp.SwedishPersonalIdentityNumber/to10DigitStringInSpecificYear@32-3</FullName>
          <Methods>
[...]
              <MetadataToken>100663367</MetadataToken>
              <Name>System.Void ActiveLogin.Identity.Swedish.Test.SwedishPersonalIdentityNumber_To12DigitString::When_Older_Than_100_Years_Uses_No_Delimiter_But_Four_Digit_Year(System.Int32,System.Int32,System.Int32,System.Int32,System.Int32,System.String)</Name>
              <FileRef uid="15" />
              <SequencePoints>
                <SequencePoint vc="2" uspid="299" ordinal="0" offset="0" sl="15" sc="9" el="15" ec="10" bec="0" bev="0" fileid="15" />
                <SequencePoint vc="2" uspid="298" ordinal="1" offset="1" sl="16" sc="13" el="16" ec="120" bec="0" bev="0" fileid="15" />
                <SequencePoint vc="2" uspid="297" ordinal="2" offset="14" sl="17" sc="13" el="17" ec="78" bec="0" bev="0" fileid="15" />
                <SequencePoint vc="2" uspid="296" ordinal="3" offset="28" sl="18" sc="9" el="18" ec="10" bec="0" bev="0" fileid="15" />
              </SequencePoints>
              <BranchPoints />
              <MethodPoint xsi:type="SequencePoint" vc="2" uspid="299" ordinal="0" offset="0" sl="15" sc="9" el="15" ec="10" bec="0" bev="0" fileid="15" />
            </Method>
            <Method visited="true" cyclomaticComplexity="1" nPathComplexity="0" sequenceCoverage="100" branchCoverage="0" isConstructor="false" isStatic="false" isGetter="false" isSetter="false" crapScore="1">
              <Summary numSequencePoints="4" visitedSequencePoints="4" numBranchPoints="1" visitedBranchPoints="0" sequenceCoverage="100" branchCoverage="0" maxCyclomaticComplexity="1" minCyclomaticComplexity="1" visitedClasses="0" numClasses="0" visitedMethods="1" numMethods="1" minCrapScore="1" maxCrapScore="1" />
              <MetadataToken>100663368</MetadataToken>
              <Name>System.Void ActiveLogin.Identity.Swedish.Test.SwedishPersonalIdentityNumber_To12DigitString::When_Younger_Than_100_Years_Uses_No_Delimiter_But_Four_Digit_Year(System.Int32,System.Int32,System.Int32,System.Int32,System.Int32,System.String)</Name>
              <FileRef uid="15" />
              <SequencePoints>
                <SequencePoint vc="2" uspid="303" ordinal="0" offset="0" sl="24" sc="9" el="24" ec="10" bec="0" bev="0" fileid="15" />
                <SequencePoint vc="2" uspid="302" ordinal="1" offset="1" sl="25" sc="13" el="25" ec="120" bec="0" bev="0" fileid="15" />
                <SequencePoint vc="2" uspid="301" ordinal="2" offset="14" sl="26" sc="13" el="26" ec="78" bec="0" bev="0" fileid="15" />
                <SequencePoint vc="2" uspid="300" ordinal="3" offset="28" sl="27" sc="9" el="27" ec="10" bec="0" bev="0" fileid="15" />
              </SequencePoints>
              <BranchPoints />
              <MethodPoint xsi:type="SequencePoint" vc="2" uspid="303" ordinal="0" offset="0" sl="24" sc="9" el="24" ec="10" bec="0" bev="0" fileid="15" />
            </Method>
            <Method visited="true" cyclomaticComplexity="1" nPathComplexity="0" sequenceCoverage="100" branchCoverage="0" isConstructor="false" isStatic="false" isGetter="false" isSetter="false" crapScore="1">
              <Summary numSequencePoints="4" visitedSequencePoints="4" numBranchPoints="1" visitedBranchPoints="0" sequenceCoverage="100" branchCoverage="0" maxCyclomaticComplexity="1" minCyclomaticComplexity="1" visitedClasses="0" numClasses="0" visitedMethods="1" numMethods="1" minCrapScore="1" maxCrapScore="1" />
              <MetadataToken>100663369</MetadataToken>
              <Name>System.Void ActiveLogin.Identity.Swedish.Test.SwedishPersonalIdentityNumber_To12DigitString::When_Date_Parts_Has_Leading_Zeroes_String_Has_Leading_Zeroes(System.Int32,System.Int32,System.Int32,System.Int32,System.Int32,System.String)</Name>
              <FileRef uid="15" />
              <SequencePoints>
                <SequencePoint vc="3" uspid="307" ordinal="0" offset="0" sl="34" sc="9" el="34" ec="10" bec="0" bev="0" fileid="15" />
                <SequencePoint vc="3" uspid="306" ordinal="1" offset="1" sl="35" sc="13" el="35" ec="120" bec="0" bev="0" fileid="15" />
                <SequencePoint vc="3" uspid="305" ordinal="2" offset="14" sl="36" sc="13" el="36" ec="78" bec="0" bev="0" fileid="15" />
                <SequencePoint vc="3" uspid="304" ordinal="3" offset="28" sl="37" sc="9" el="37" ec="10" bec="0" bev="0" fileid="15" />
              </SequencePoints>
              <BranchPoints />
              <MethodPoint xsi:type="SequencePoint" vc="3" uspid="307" ordinal="0" offset="0" sl="34" sc="9" el="34" ec="10" bec="0" bev="0" fileid="15" />
            </Method>
            <Method visited="true" cyclomaticComplexity="1" nPathComplexity="0" sequenceCoverage="100" branchCoverage="0" isConstructor="false" isStatic="false" isGetter="false" isSetter="false" crapScore="1">
              <Summary numSequencePoints="4" visitedSequencePoints="4" numBranchPoints="1" visitedBranchPoints="0" sequenceCoverage="100" branchCoverage="0" maxCyclomaticComplexity="1" minCyclomaticComplexity="1" visitedClasses="0" numClasses="0" visitedMethods="1" numMethods="1" minCrapScore="1" maxCrapScore="1" />
              <MetadataToken>100663370</MetadataToken>
              <Name>System.Void ActiveLogin.Identity.Swedish.Test.SwedishPersonalIdentityNumber_To12DigitString::When_birthNumber_Has_Leading_Zeroes_String_Has_Leading_Zeroes(System.Int32,System.Int32,System.Int32,System.Int32,System.Int32,System.String)</Name>
              <FileRef uid="15" />
              <SequencePoints>
                <SequencePoint vc="1" uspid="311" ordinal="0" offset="0" sl="42" sc="9" el="42" ec="10" bec="0" bev="0" fileid="15" />
                <SequencePoint vc="1" uspid="310" ordinal="1" offset="1" sl="43" sc="13" el="43" ec="120" bec="0" bev="0" fileid="15" />
                <SequencePoint vc="1" uspid="309" ordinal="2" offset="14" sl="44" sc="13" el="44" ec="78" bec="0" bev="0" fileid="15" />
                <SequencePoint vc="1" uspid="308" ordinal="3" offset="28" sl="45" sc="9" el="45" ec="10" bec="0" bev="0" fileid="15" />
              </SequencePoints>
              <BranchPoints />
              <MethodPoint xsi:type="SequencePoint" vc="1" uspid="311" ordinal="0" offset="0" sl="42" sc="9" el="42" ec="10" bec="0" bev="0" fileid="15" />
            </Method>
            <Method visited="false" cyclomaticComplexity="1" nPathComplexity="0" sequenceCoverage="0" branchCoverage="0" isConstructor="true" isStatic="false" isGetter="false" isSetter="false" crapScore="0">
              <Summary numSequencePoints="0" visitedSequencePoints="0" numBranchPoints="0" visitedBranchPoints="0" sequenceCoverage="0" branchCoverage="0" maxCyclomaticComplexity="1" minCyclomaticComplexity="1" visitedClasses="0" numClasses="0" visitedMethods="0" numMethods="0" minCrapScore="0" maxCrapScore="0" />
              <MetadataToken>100663371</MetadataToken>
              <Name>System.Void ActiveLogin.Identity.Swedish.Test.SwedishPersonalIdentityNumber_To12DigitString::.ctor()</Name>
              <SequencePoints />
              <BranchPoints />
              <MethodPoint vc="8" uspid="100663371" ordinal="0" offset="0" />
            </Method>
          </Methods>
        </Class>
        <Class>
          <Summary numSequencePoints="4" visitedSequencePoints="4" numBranchPoints="1" visitedBranchPoints="0" sequenceCoverage="100" branchCoverage="0" maxCyclomaticComplexity="1" minCyclomaticComplexity="1" visitedClasses="1" numClasses="1" visitedMethods="1" numMethods="1" minCrapScore="1" maxCrapScore="1" />
          <FullName>ActiveLogin.Identity.Swedish.Test.SwedishPersonalIdentityNumber_ToString</FullName>
          <Methods>
            <Method visited="true" cyclomaticComplexity="1" nPathComplexity="0" sequenceCoverage="100" branchCoverage="0" isConstructor="false" isStatic="false" isGetter="false" isSetter="false" crapScore="1">
              <Summary numSequencePoints="4" visitedSequencePoints="4" numBranchPoints="1" visitedBranchPoints="0" sequenceCoverage="100" branchCoverage="0" maxCyclomaticComplexity="1" minCyclomaticComplexity="1" visitedClasses="0" numClasses="0" visitedMethods="1" numMethods="1" minCrapScore="1" maxCrapScore="1" />
              <MetadataToken>100663372</MetadataToken>
              <Name>System.Void ActiveLogin.Identity.Swedish.Test.SwedishPersonalIdentityNumber_ToString::ToString_Returns_12DigitString()</Name>
              <FileRef uid="16" />
              <SequencePoints>
                <SequencePoint vc="1" uspid="315" ordinal="0" offset="0" sl="13" sc="9" el="13" ec="10" bec="0" bev="0" fileid="16" />
                <SequencePoint vc="1" uspid="314" ordinal="1" offset="1" sl="14" sc="13" el="14" ec="101" bec="0" bev="0" fileid="16" />
                <SequencePoint vc="1" uspid="313" ordinal="2" offset="20" sl="15" sc="13" el="15" ec="77" bec="0" bev="0" fileid="16" />
                <SequencePoint vc="1" uspid="312" ordinal="3" offset="37" sl="16" sc="9" el="16" ec="10" bec="0" bev="0" fileid="16" />
              </SequencePoints>
              <BranchPoints />
              <MethodPoint xsi:type="SequencePoint" vc="1" uspid="315" ordinal="0" offset="0" sl="13" sc="9" el="13" ec="10" bec="0" bev="0" fileid="16" />
            </Method>
            <Method visited="false" cyclomaticComplexity="1" nPathComplexity="0" sequenceCoverage="0" branchCoverage="0" isConstructor="true" isStatic="false" isGetter="false" isSetter="false" crapScore="0">
              <Summary numSequencePoints="0" visitedSequencePoints="0" numBranchPoints="0" visitedBranchPoints="0" sequenceCoverage="0" branchCoverage="0" maxCyclomaticComplexity="1" minCyclomaticComplexity="1" visitedClasses="0" numClasses="0" visitedMethods="0" numMethods="0" minCrapScore="0" maxCrapScore="0" />
              <MetadataToken>100663373</MetadataToken>
              <Name>System.Void ActiveLogin.Identity.Swedish.Test.SwedishPersonalIdentityNumber_ToString::.ctor()</Name>
              <SequencePoints />
              <BranchPoints />
              <MethodPoint vc="1" uspid="100663373" ordinal="0" offset="0" />
            </Method>
          </Methods>
        </Class>
        <Class>
          <Summary numSequencePoints="23" visitedSequencePoints="23" numBranchPoints="5" visitedBranchPoints="0" sequenceCoverage="100" branchCoverage="0" maxCyclomaticComplexity="1" minCyclomaticComplexity="1" visitedClasses="1" numClasses="1" visitedMethods="5" numMethods="5" minCrapScore="1" maxCrapScore="1" />
          <FullName>ActiveLogin.Identity.Swedish.Test.SwedishPersonalIdentityNumber_TryParse</FullName>
          <Methods>
            <Method visited="true" cyclomaticComplexity="1" nPathComplexity="0" sequenceCoverage="100" branchCoverage="0" isConstructor="false" isStatic="false" isGetter="false" isSetter="false" crapScore="1">
              <Summary numSequencePoints="5" visitedSequencePoints="5" numBranchPoints="1" visitedBranchPoints="0" sequenceCoverage="100" branchCoverage="0" maxCyclomaticComplexity="1" minCyclomaticComplexity="1" visitedClasses="0" numClasses="0" visitedMethods="1" numMethods="1" minCrapScore="1" maxCrapScore="1" />
              <MetadataToken>100663374</MetadataToken>
              <Name>System.Void ActiveLogin.Identity.Swedish.Test.SwedishPersonalIdentityNumber_TryParse::TryParse_Returns_False_And_Outputs_Null_When_Invalid_Day()</Name>
              <FileRef uid="17" />
              <SequencePoints>
                <SequencePoint vc="1" uspid="320" ordinal="0" offset="0" sl="14" sc="9" el="14" ec="10" bec="0" bev="0" fileid="17" />
                <SequencePoint vc="1" uspid="319" ordinal="1" offset="1" sl="15" sc="13" el="15" ec="139" bec="0" bev="0" fileid="17" />
                <SequencePoint vc="1" uspid="318" ordinal="2" offset="14" sl="17" sc="13" el="17" ec="35" bec="0" bev="0" fileid="17" />
                <SequencePoint vc="1" uspid="317" ordinal="3" offset="21" sl="18" sc="13" el="18" ec="49" bec="0" bev="0" fileid="17" />
                <SequencePoint vc="1" uspid="316" ordinal="4" offset="28" sl="19" sc="9" el="19" ec="10" bec="0" bev="0" fileid="17" />
              </SequencePoints>
              <BranchPoints />
              <MethodPoint xsi:type="SequencePoint" vc="1" uspid="320" ordinal="0" offset="0" sl="14" sc="9" el="14" ec="10" bec="0" bev="0" fileid="17" />
            </Method>
            <Method visited="true" cyclomaticComplexity="1" nPathComplexity="0" sequenceCoverage="100" branchCoverage="0" isConstructor="false" isStatic="false" isGetter="false" isSetter="false" crapScore="1">
              <Summary numSequencePoints="5" visitedSequencePoints="5" numBranchPoints="1" visitedBranchPoints="0" sequenceCoverage="100" branchCoverage="0" maxCyclomaticComplexity="1" minCyclomaticComplexity="1" visitedClasses="0" numClasses="0" visitedMethods="1" numMethods="1" minCrapScore="1" maxCrapScore="1" />
              <MetadataToken>100663375</MetadataToken>
              <Name>System.Void ActiveLogin.Identity.Swedish.Test.SwedishPersonalIdentityNumber_TryParse::TryParse_Returns_True_And_Outs_PIN_When_Valid_PIN()</Name>
              <FileRef uid="17" />
              <SequencePoints>
                <SequencePoint vc="1" uspid="325" ordinal="0" offset="0" sl="23" sc="9" el="23" ec="10" bec="0" bev="0" fileid="17" />
                <SequencePoint vc="1" uspid="324" ordinal="1" offset="1" sl="24" sc="13" el="24" ec="139" bec="0" bev="0" fileid="17" />
                <SequencePoint vc="1" uspid="323" ordinal="2" offset="14" sl="26" sc="13" el="26" ec="34" bec="0" bev="0" fileid="17" />
                <SequencePoint vc="1" uspid="322" ordinal="3" offset="21" sl="27" sc="13" el="27" ec="110" bec="0" bev="0" fileid="17" />
                <SequencePoint vc="1" uspid="321" ordinal="4" offset="46" sl="28" sc="9" el="28" ec="10" bec="0" bev="0" fileid="17" />
              </SequencePoints>
              <BranchPoints />
              <MethodPoint xsi:type="SequencePoint" vc="1" uspid="325" ordinal="0" offset="0" sl="23" sc="9" el="23" ec="10" bec="0" bev="0" fileid="17" />
            </Method>
            <Method visited="true" cyclomaticComplexity="1" nPathComplexity="0" sequenceCoverage="100" branchCoverage="0" isConstructor="false" isStatic="false" isGetter="false" isSetter="false" crapScore="1">
              <Summary numSequencePoints="4" visitedSequencePoints="4" numBranchPoints="1" visitedBranchPoints="0" sequenceCoverage="100" branchCoverage="0" maxCyclomaticComplexity="1" minCyclomaticComplexity="1" visitedClasses="0" numClasses="0" visitedMethods="1" numMethods="1" minCrapScore="1" maxCrapScore="1" />
              <MetadataToken>100663376</MetadataToken>
              <Name>System.Void ActiveLogin.Identity.Swedish.Test.SwedishPersonalIdentityNumber_TryParse::TryParse_Returns_False_When_Valid_CoordinationNumber()</Name>
              <FileRef uid="17" />
              <SequencePoints>
                <SequencePoint vc="1" uspid="329" ordinal="0" offset="0" sl="32" sc="9" el="32" ec="10" bec="0" bev="0" fileid="17" />
                <SequencePoint vc="1" uspid="328" ordinal="1" offset="1" sl="33" sc="13" el="33" ec="118" bec="0" bev="0" fileid="17" />
                <SequencePoint vc="1" uspid="327" ordinal="2" offset="14" sl="35" sc="13" el="35" ec="35" bec="0" bev="0" fileid="17" />
                <SequencePoint vc="1" uspid="326" ordinal="3" offset="21" sl="36" sc="9" el="36" ec="10" bec="0" bev="0" fileid="17" />
              </SequencePoints>
              <BranchPoints />
              <MethodPoint xsi:type="SequencePoint" vc="1" uspid="329" ordinal="0" offset="0" sl="32" sc="9" el="32" ec="10" bec="0" bev="0" fileid="17" />
            </Method>
            <Method visited="true" cyclomaticComplexity="1" nPathComplexity="0" sequenceCoverage="100" branchCoverage="0" isConstructor="false" isStatic="false" isGetter="false" isSetter="false" crapScore="1">
              <Summary numSequencePoints="5" visitedSequencePoints="5" numBranchPoints="1" visitedBranchPoints="0" sequenceCoverage="100" branchCoverage="0" maxCyclomaticComplexity="1" minCyclomaticComplexity="1" visitedClasses="0" numClasses="0" visitedMethods="1" numMethods="1" minCrapScore="1" maxCrapScore="1" />
              <MetadataToken>100663377</MetadataToken>
              <Name>System.Void ActiveLogin.Identity.Swedish.Test.SwedishPersonalIdentityNumber_TryParse::TryParseInSpecificYear_Returns_True_And_Outs_PIN_When_Valid_PIN()</Name>
              <FileRef uid="17" />
              <SequencePoints>
                <SequencePoint vc="1" uspid="334" ordinal="0" offset="0" sl="40" sc="9" el="40" ec="10" bec="0" bev="0" fileid="17" />
                <SequencePoint vc="1" uspid="333" ordinal="1" offset="1" sl="41" sc="13" el="41" ec="159" bec="0" bev="0" fileid="17" />
                <SequencePoint vc="1" uspid="332" ordinal="2" offset="19" sl="43" sc="13" el="43" ec="34" bec="0" bev="0" fileid="17" />
                <SequencePoint vc="1" uspid="331" ordinal="3" offset="26" sl="44" sc="13" el="44" ec="110" bec="0" bev="0" fileid="17" />
                <SequencePoint vc="1" uspid="330" ordinal="4" offset="53" sl="45" sc="9" el="45" ec="10" bec="0" bev="0" fileid="17" />
              </SequencePoints>
              <BranchPoints />
              <MethodPoint xsi:type="SequencePoint" vc="1" uspid="334" ordinal="0" offset="0" sl="40" sc="9" el="40" ec="10" bec="0" bev="0" fileid="17" />
            </Method>
            <Method visited="true" cyclomaticComplexity="1" nPathComplexity="0" sequenceCoverage="100" branchCoverage="0" isConstructor="false" isStatic="false" isGetter="false" isSetter="false" crapScore="1">
              <Summary numSequencePoints="4" visitedSequencePoints="4" numBranchPoints="1" visitedBranchPoints="0" sequenceCoverage="100" branchCoverage="0" maxCyclomaticComplexity="1" minCyclomaticComplexity="1" visitedClasses="0" numClasses="0" visitedMethods="1" numMethods="1" minCrapScore="1" maxCrapScore="1" />
              <MetadataToken>100663378</MetadataToken>
              <Name>System.Void ActiveLogin.Identity.Swedish.Test.SwedishPersonalIdentityNumber_TryParse::TryParseInSpecificYear_Returns_False_When_Invalid_Year()</Name>
              <FileRef uid="17" />
              <SequencePoints>
                <SequencePoint vc="1" uspid="338" ordinal="0" offset="0" sl="49" sc="9" el="49" ec="10" bec="0" bev="0" fileid="17" />
                <SequencePoint vc="1" uspid="337" ordinal="1" offset="1" sl="50" sc="13" el="50" ec="136" bec="0" bev="0" fileid="17" />
                <SequencePoint vc="1" uspid="336" ordinal="2" offset="15" sl="52" sc="13" el="52" ec="35" bec="0" bev="0" fileid="17" />
                <SequencePoint vc="1" uspid="335" ordinal="3" offset="22" sl="53" sc="9" el="53" ec="10" bec="0" bev="0" fileid="17" />
              </SequencePoints>
              <BranchPoints />
              <MethodPoint xsi:type="SequencePoint" vc="1" uspid="338" ordinal="0" offset="0" sl="49" sc="9" el="49" ec="10" bec="0" bev="0" fileid="17" />
            </Method>
            <Method visited="false" cyclomaticComplexity="1" nPathComplexity="0" sequenceCoverage="0" branchCoverage="0" isConstructor="true" isStatic="false" isGetter="false" isSetter="false" crapScore="0">
              <Summary numSequencePoints="0" visitedSequencePoints="0" numBranchPoints="0" visitedBranchPoints="0" sequenceCoverage="0" branchCoverage="0" maxCyclomaticComplexity="1" minCyclomaticComplexity="1" visitedClasses="0" numClasses="0" visitedMethods="0" numMethods="0" minCrapScore="0" maxCrapScore="0" />
              <MetadataToken>100663379</MetadataToken>
              <Name>System.Void ActiveLogin.Identity.Swedish.Test.SwedishPersonalIdentityNumber_TryParse::.ctor()</Name>
              <SequencePoints />
              <BranchPoints />
              <MethodPoint vc="5" uspid="100663379" ordinal="0" offset="0" />
            </Method>
          </Methods>
        </Class>
      </Classes>
    </Module>
  </Modules>
</CoverageSession>